{"name": "Verify all custom dropdowns under filters have values", "status": "broken", "statusDetails": {"message": "selenium.common.exceptions.TimeoutException: Message: \nStacktrace:\n0   chromedriver                        0x0000000100f84ea4 cxxbridge1$str$ptr + 2722840\n1   chromedriver                        0x0000000100f7cdac cxxbridge1$str$ptr + 2689824\n2   chromedriver                        0x0000000100ace3ec cxxbridge1$string$len + 90648\n3   chromedriver                        0x0000000100b15544 cxxbridge1$string$len + 381808\n4   chromedriver                        0x0000000100b56934 cxxbridge1$string$len + 649056\n5   chromedriver                        0x0000000100b09834 cxxbridge1$string$len + 333408\n6   chromedriver                        0x0000000100f47fc0 cxxbridge1$str$ptr + 2473268\n7   chromedriver                        0x0000000100f4b22c cxxbridge1$str$ptr + 2486176\n8   chromedriver                        0x0000000100f29a08 cxxbridge1$str$ptr + 2348924\n9   chromedriver                        0x0000000100f4bae8 cxxbridge1$str$ptr + 2488412\n10  chromedriver                        0x0000000100f1aa98 cxxbridge1$str$ptr + 2287628\n11  chromedriver                        0x0000000100f6b9d8 cxxbridge1$str$ptr + 2619212\n12  chromedriver                        0x0000000100f6bb64 cxxbridge1$str$ptr + 2619608\n13  chromedriver                        0x0000000100f7c9e8 cxxbridge1$str$ptr + 2688860\n14  libsystem_pthread.dylib             0x00000001967c5f94 _pthread_start + 136\n15  libsystem_pthread.dylib             0x00000001967c0d34 thread_start + 8", "trace": "self = <tests.test_dashboard.TestDashBoard object at 0x1028a3880>\ndriver = <selenium.webdriver.chrome.webdriver.WebDriver (session=\"f8afb292ac2a143bb7aef52424a9fbf5\")>\nconfig = {'browser': 'chrome', 'client': 'YATRA', 'env': 'QA', 'execution': 'local', ...}\n\n    @allure.title(\"Verify all custom dropdowns under filters have values\")\n    @pytest.mark.smoke\n    def test_custom_dropdowns_values(self, driver, config):\n        login_page = LoginPage(driver)\n>       dashboard_page = login_page.login(config[\"username\"], config[\"password\"])\n\ntest_dashboard.py:99: \n_ _ _ _ _ _ _ _ _ _ _ _ _ _ _ _ _ _ _ _ _ _ _ _ _ _ _ _ _ _ _ _ _ _ _ _ _ _ _ _ \n../pages/login_page.py:28: in login\n    self.enter_text(self.EMAIL_TEXTBOX, username)\n../utils/browser_utility.py:17: in enter_text\n    self.wait.until(EC.visibility_of_element_located(locator)).send_keys(text)\n_ _ _ _ _ _ _ _ _ _ _ _ _ _ _ _ _ _ _ _ _ _ _ _ _ _ _ _ _ _ _ _ _ _ _ _ _ _ _ _ \n\nself = <selenium.webdriver.support.wait.WebDriverWait (session=\"f8afb292ac2a143bb7aef52424a9fbf5\")>\nmethod = <function visibility_of_element_located.<locals>._predicate at 0x1028ebf70>\nmessage = ''\n\n    def until(self, method: Callable[[D], Union[Literal[False], T]], message: str = \"\") -> T:\n        \"\"\"Wait until the method returns a value that is not False.\n    \n        Calls the method provided with the driver as an argument until the\n        return value does not evaluate to ``False``.\n    \n        Parameters:\n        -----------\n        method: callable(WebDriver)\n            - A callable object that takes a WebDriver instance as an argument.\n    \n        message: str\n            - Optional message for :exc:`TimeoutException`\n    \n        Return:\n        -------\n        object: T\n            - The result of the last call to `method`\n    \n        Raises:\n        -------\n        TimeoutException\n            - If 'method' does not return a truthy value within the WebDriverWait\n            object's timeout\n    \n        Example:\n        --------\n        >>> from selenium.webdriver.common.by import By\n        >>> from selenium.webdriver.support.ui import WebDriverWait\n        >>> from selenium.webdriver.support import expected_conditions as EC\n    \n        # Wait until an element is visible on the page\n        >>> wait = WebDriverWait(driver, 10)\n        >>> element = wait.until(EC.visibility_of_element_located((By.ID, \"exampleId\")))\n        >>> print(element.text)\n        \"\"\"\n        screen = None\n        stacktrace = None\n    \n        end_time = time.monotonic() + self._timeout\n        while True:\n            try:\n                value = method(self._driver)\n                if value:\n                    return value\n            except self._ignored_exceptions as exc:\n                screen = getattr(exc, \"screen\", None)\n                stacktrace = getattr(exc, \"stacktrace\", None)\n            if time.monotonic() > end_time:\n                break\n            time.sleep(self._poll)\n>       raise TimeoutException(message, screen, stacktrace)\nE       selenium.common.exceptions.TimeoutException: Message: \nE       Stacktrace:\nE       0   chromedriver                        0x0000000100f84ea4 cxxbridge1$str$ptr + 2722840\nE       1   chromedriver                        0x0000000100f7cdac cxxbridge1$str$ptr + 2689824\nE       2   chromedriver                        0x0000000100ace3ec cxxbridge1$string$len + 90648\nE       3   chromedriver                        0x0000000100b15544 cxxbridge1$string$len + 381808\nE       4   chromedriver                        0x0000000100b56934 cxxbridge1$string$len + 649056\nE       5   chromedriver                        0x0000000100b09834 cxxbridge1$string$len + 333408\nE       6   chromedriver                        0x0000000100f47fc0 cxxbridge1$str$ptr + 2473268\nE       7   chromedriver                        0x0000000100f4b22c cxxbridge1$str$ptr + 2486176\nE       8   chromedriver                        0x0000000100f29a08 cxxbridge1$str$ptr + 2348924\nE       9   chromedriver                        0x0000000100f4bae8 cxxbridge1$str$ptr + 2488412\nE       10  chromedriver                        0x0000000100f1aa98 cxxbridge1$str$ptr + 2287628\nE       11  chromedriver                        0x0000000100f6b9d8 cxxbridge1$str$ptr + 2619212\nE       12  chromedriver                        0x0000000100f6bb64 cxxbridge1$str$ptr + 2619608\nE       13  chromedriver                        0x0000000100f7c9e8 cxxbridge1$str$ptr + 2688860\nE       14  libsystem_pthread.dylib             0x00000001967c5f94 _pthread_start + 136\nE       15  libsystem_pthread.dylib             0x00000001967c0d34 thread_start + 8\n\n../../.venv/lib/python3.9/site-packages/selenium/webdriver/support/wait.py:146: TimeoutException"}, "steps": [{"name": "Enter email and password and click Sign In.", "status": "broken", "statusDetails": {"message": "selenium.common.exceptions.TimeoutException: Message: \nStacktrace:\n0   chromedriver                        0x0000000100f84ea4 cxxbridge1$str$ptr + 2722840\n1   chromedriver                        0x0000000100f7cdac cxxbridge1$str$ptr + 2689824\n2   chromedriver                        0x0000000100ace3ec cxxbridge1$string$len + 90648\n3   chromedriver                        0x0000000100b15544 cxxbridge1$string$len + 381808\n4   chromedriver                        0x0000000100b56934 cxxbridge1$string$len + 649056\n5   chromedriver                        0x0000000100b09834 cxxbridge1$string$len + 333408\n6   chromedriver                        0x0000000100f47fc0 cxxbridge1$str$ptr + 2473268\n7   chromedriver                        0x0000000100f4b22c cxxbridge1$str$ptr + 2486176\n8   chromedriver                        0x0000000100f29a08 cxxbridge1$str$ptr + 2348924\n9   chromedriver                        0x0000000100f4bae8 cxxbridge1$str$ptr + 2488412\n10  chromedriver                        0x0000000100f1aa98 cxxbridge1$str$ptr + 2287628\n11  chromedriver                        0x0000000100f6b9d8 cxxbridge1$str$ptr + 2619212\n12  chromedriver                        0x0000000100f6bb64 cxxbridge1$str$ptr + 2619608\n13  chromedriver                        0x0000000100f7c9e8 cxxbridge1$str$ptr + 2688860\n14  libsystem_pthread.dylib             0x00000001967c5f94 _pthread_start + 136\n15  libsystem_pthread.dylib             0x00000001967c0d34 thread_start + 8\n\n", "trace": "  File \"/Users/sumit/PycharmProjects/PartnerPortalUI/.venv/lib/python3.9/site-packages/allure_commons/_allure.py\", line 202, in impl\n    return func(*a, **kw)\n  File \"/Users/sumit/PycharmProjects/PartnerPortalUI/src/pages/login_page.py\", line 28, in login\n    self.enter_text(self.EMAIL_TEXTBOX, username)\n  File \"/Users/sumit/PycharmProjects/PartnerPortalUI/src/utils/browser_utility.py\", line 17, in enter_text\n    self.wait.until(EC.visibility_of_element_located(locator)).send_keys(text)\n  File \"/Users/sumit/PycharmProjects/PartnerPortalUI/.venv/lib/python3.9/site-packages/selenium/webdriver/support/wait.py\", line 146, in until\n    raise TimeoutException(message, screen, stacktrace)\n"}, "parameters": [{"name": "username", "value": "'sumit@kgrp.in'"}, {"name": "password", "value": "'HRzyUJi0'"}], "start": 1751949510977, "stop": 1751949521048}], "attachments": [{"name": "test_custom_dropdowns_values_2025-07-08_10-08-41.png", "source": "0c55001e-9174-4b10-8c92-2c6720bd880a-attachment.png", "type": "image/png"}, {"name": "stdout", "source": "f6d438fe-154a-49f0-8320-90e0611c2674-attachment.txt", "type": "text/plain"}], "start": 1751949510977, "stop": 1751949521062, "uuid": "1df96b4a-4783-4aff-8563-b897844ca242", "historyId": "19a5fb1536538ca7311694ec3e79de6b", "testCaseId": "19a5fb1536538ca7311694ec3e79de6b", "fullName": "src.tests.test_dashboard.TestDashBoard#test_custom_dropdowns_values", "labels": [{"name": "tag", "value": "smoke"}, {"name": "parentSuite", "value": "src.tests"}, {"name": "suite", "value": "test_dashboard"}, {"name": "subSuite", "value": "TestDashBoard"}, {"name": "host", "value": "macs-MacBook-Pro.local"}, {"name": "thread", "value": "19910-MainThread"}, {"name": "framework", "value": "pytest"}, {"name": "language", "value": "cpython3"}, {"name": "package", "value": "src.tests.test_dashboard"}]}