{"name": "Verify transaction value changes when selecting options in all filter dropdowns", "status": "failed", "statusDetails": {"message": "AssertionError: The following dropdowns did NOT change the transaction value: ['Dropdown 9']\nassert not ['Dropdown 9']", "trace": "self = <tests.test_dashboard.TestDashBoard object at 0x10416f9d0>\ndriver = <selenium.webdriver.chrome.webdriver.WebDriver (session=\"73e61de7acbc261fd501de9ed90491ac\")>\nconfig = {'browser': 'chrome', 'client': 'YATRA', 'env': 'QA', 'execution': 'local', ...}\n\n    @allure.title(\"Verify transaction value changes when selecting options in all filter dropdowns\")\n    @pytest.mark.smoke\n    def test_custom_dropdowns_values(self, driver, config):\n        login_page = LoginPage(driver)\n        dashboard_page = login_page.login(config[\"username\"], config[\"password\"])\n        unchanged, errors = dashboard_page.validate_all_dropdowns_functionality()\n>       assert not unchanged, f\"The following dropdowns did NOT change the transaction value: {unchanged}\"\nE       AssertionError: The following dropdowns did NOT change the transaction value: ['Dropdown 9']\nE       assert not ['Dropdown 9']\n\ntest_dashboard.py:101: AssertionError"}, "steps": [{"name": "Enter email and password and click Sign In.", "status": "passed", "parameters": [{"name": "username", "value": "'sumit@kgrp.in'"}, {"name": "password", "value": "'HRzyUJi0'"}], "start": 1752062382551, "stop": 1752062383375}], "attachments": [{"name": "test_custom_dropdowns_values_2025-07-09_17-30-46.png", "source": "505919eb-bade-4dc4-a9d9-62fe4801bf57-attachment.png", "type": "image/png"}, {"name": "stdout", "source": "e8f84d94-1d79-40cd-8e22-05ae5f574c5d-attachment.txt", "type": "text/plain"}], "start": 1752062382551, "stop": 1752062445935, "uuid": "fb7629fc-87b1-47f1-bd90-59c008fc0611", "historyId": "19a5fb1536538ca7311694ec3e79de6b", "testCaseId": "19a5fb1536538ca7311694ec3e79de6b", "fullName": "src.tests.test_dashboard.TestDashBoard#test_custom_dropdowns_values", "labels": [{"name": "tag", "value": "smoke"}, {"name": "parentSuite", "value": "src.tests"}, {"name": "suite", "value": "test_dashboard"}, {"name": "subSuite", "value": "TestDashBoard"}, {"name": "host", "value": "macs-MacBook-Pro.local"}, {"name": "thread", "value": "49041-MainThread"}, {"name": "framework", "value": "pytest"}, {"name": "language", "value": "cpython3"}, {"name": "package", "value": "src.tests.test_dashboard"}]}