{"name": "Verify transaction value changes when selecting options in all filter dropdowns", "status": "failed", "statusDetails": {"message": "AssertionError: Exceptions occurred in the following dropdowns: ['Dropdown 1 - Message: element not interactable\\n  (Session info: chrome=138.0.7204.93)\\nStacktrace:\\n0   chromedriver                        0x00000001029acea4 cxxbridge1$str$ptr + 2722840\\n1   chromedriver                        0x00000001029a4dac cxxbridge1$str$ptr + 2689824\\n2   chromedriver                        0x00000001024f6260 cxxbridge1$string$len + 90252\\n3   chromedriver                        0x000000010253e568 cxxbridge1$string$len + 385940\\n4   chromedriver                        0x0000000102533358 cxxbridge1$string$len + 340356\\n5   chromedriver                        0x0000000102532de4 cxxbridge1$string$len + 338960\\n6   chromedriver                        0x000000010257e934 cxxbridge1$string$len + 649056\\n7   chromedriver                        0x0000000102531834 cxxbridge1$string$len + 333408\\n8   chromedriver                        0x000000010296ffc0 cxxbridge1$str$ptr + 2473268\\n9   chromedriver                        0x000000010297322c cxxbridge1$str$ptr + 2486176\\n10  chromedriver                        0x0000000102951a08 cxxbridge1$str$ptr + 2348924\\n11  chromedriver                        0x0000000102973ae8 cxxbridge1$str$ptr + 2488412\\n12  chromedriver                        0x0000000102942a98 cxxbridge1$str$ptr + 2287628\\n13  chromedriver                        0x00000001029939d8 cxxbridge1$str$ptr + 2619212\\n14  chromedriver                        0x0000000102993b64 cxxbridge1$str$ptr + 2619608\\n15  chromedriver                        0x00000001029a49e8 cxxbridge1$str$ptr + 2688860\\n16  libsystem_pthread.dylib             0x00000001967c5f94 _pthread_start + 136\\n17  libsystem_pthread.dylib             0x00000001967c0d34 thread_start + 8\\n', 'Dropdown 5 - Message: stale element reference: stale element not found in the current frame\\n  (Session info: chrome=138.0.7204.93); For documentation on this error, please visit: https://www.selenium.dev/documentation/webdriver/troubleshooting/errors#stale-element-reference-exception\\nStacktrace:\\n0   chromedriver                        0x00000001029acea4 cxxbridge1$str$ptr + 2722840\\n1   chromedriver                        0x00000001029a4dac cxxbridge1$str$ptr + 2689824\\n2   chromedriver                        0x00000001024f63ec cxxbridge1$string$len + 90648\\n3   chromedriver                        0x00000001024fc0a0 cxxbridge1$string$len + 114380\\n4   chromedriver                        0x00000001024fe66c cxxbridge1$string$len + 124056\\n5   chromedriver                        0x00000001024fe6ec cxxbridge1$string$len + 124184\\n6   chromedriver                        0x000000010257f648 cxxbridge1$string$len + 652404\\n7   chromedriver                        0x000000010257e934 cxxbridge1$string$len + 649056\\n8   chromedriver                        0x0000000102531834 cxxbridge1$string$len + 333408\\n9   chromedriver                        0x000000010296ffc0 cxxbridge1$str$ptr + 2473268\\n10  chromedriver                        0x000000010297322c cxxbridge1$str$ptr + 2486176\\n11  chromedriver                        0x0000000102951a08 cxxbridge1$str$ptr + 2348924\\n12  chromedriver                        0x0000000102973ae8 cxxbridge1$str$ptr + 2488412\\n13  chromedriver                        0x0000000102942a98 cxxbridge1$str$ptr + 2287628\\n14  chromedriver                        0x00000001029939d8 cxxbridge1$str$ptr + 2619212\\n15  chromedriver                        0x0000000102993b64 cxxbridge1$str$ptr + 2619608\\n16  chromedriver                        0x00000001029a49e8 cxxbridge1$str$ptr + 2688860\\n17  libsystem_pthread.dylib             0x00000001967c5f94 _pthread_start + 136\\n18  libsystem_pthread.dylib             0x00000001967c0d34 thread_start + 8\\n', 'Dropdown 9 - Message: stale element reference: stale element not found in the current frame\\n  (Session info: chrome=138.0.7204.93); For documentation on this error, please visit: https://www.selenium.dev/documentation/webdriver/troubleshooting/errors#stale-element-reference-exception\\nStacktrace:\\n0   chromedriver                        0x00000001029acea4 cxxbridge1$str$ptr + 2722840\\n1   chromedriver                        0x00000001029a4dac cxxbridge1$str$ptr + 2689824\\n2   chromedriver                        0x00000001024f63ec cxxbridge1$string$len + 90648\\n3   chromedriver                        0x00000001024fc0a0 cxxbridge1$string$len + 114380\\n4   chromedriver                        0x00000001024fe66c cxxbridge1$string$len + 124056\\n5   chromedriver                        0x00000001024fe6ec cxxbridge1$string$len + 124184\\n6   chromedriver                        0x000000010257f648 cxxbridge1$string$len + 652404\\n7   chromedriver                        0x000000010257e934 cxxbridge1$string$len + 649056\\n8   chromedriver                        0x0000000102531834 cxxbridge1$string$len + 333408\\n9   chromedriver                        0x000000010296ffc0 cxxbridge1$str$ptr + 2473268\\n10  chromedriver                        0x000000010297322c cxxbridge1$str$ptr + 2486176\\n11  chromedriver                        0x0000000102951a08 cxxbridge1$str$ptr + 2348924\\n12  chromedriver                        0x0000000102973ae8 cxxbridge1$str$ptr + 2488412\\n13  chromedriver                        0x0000000102942a98 cxxbridge1$str$ptr + 2287628\\n14  chromedriver                        0x00000001029939d8 cxxbridge1$str$ptr + 2619212\\n15  chromedriver                        0x0000000102993b64 cxxbridge1$str$ptr + 2619608\\n16  chromedriver                        0x00000001029a49e8 cxxbridge1$str$ptr + 2688860\\n17  libsystem_pthread.dylib             0x00000001967c5f94 _pthread_start + 136\\n18  libsystem_pthread.dylib             0x00000001967c0d34 thread_start + 8\\n', 'Dropdown 10 - Message: stale element reference: stale element not found in the current frame\\n  (Session info: chrome=138.0.7204.93); For documentation on this error, please visit: https://www.selenium.dev/documentation/webdriver/troubleshooting/errors#stale-element-reference-exception\\nStacktrace:\\n0   chromedriver                        0x00000001029acea4 cxxbridge1$str$ptr + 2722840\\n1   chromedriver                        0x00000001029a4dac cxxbridge1$str$ptr + 2689824\\n2   chromedriver                        0x00000001024f63ec cxxbridge1$string$len + 90648\\n3   chromedriver                        0x00000001024fc0a0 cxxbridge1$string$len + 114380\\n4   chromedriver                        0x00000001024fe66c cxxbridge1$string$len + 124056\\n5   chromedriver                        0x00000001024fe6ec cxxbridge1$string$len + 124184\\n6   chromedriver                        0x000000010257f648 cxxbridge1$string$len + 652404\\n7   chromedriver                        0x000000010257e934 cxxbridge1$string$len + 649056\\n8   chromedriver                        0x0000000102531834 cxxbridge1$string$len + 333408\\n9   chromedriver                        0x000000010296ffc0 cxxbridge1$str$ptr + 2473268\\n10  chromedriver                        0x000000010297322c cxxbridge1$str$ptr + 2486176\\n11  chromedriver                        0x0000000102951a08 cxxbridge1$str$ptr + 2348924\\n12  chromedriver                        0x0000000102973ae8 cxxbridge1$str$ptr + 2488412\\n13  chromedriver                        0x0000000102942a98 cxxbridge1$str$ptr + 2287628\\n14  chromedriver                        0x00000001029939d8 cxxbridge1$str$ptr + 2619212\\n15  chromedriver                        0x0000000102993b64 cxxbridge1$str$ptr + 2619608\\n16  chromedriver                        0x00000001029a49e8 cxxbridge1$str$ptr + 2688860\\n17  libsystem_pthread.dylib             0x00000001967c5f94 _pthread_start + 136\\n18  libsystem_pthread.dylib             0x00000001967c0d34 thread_start + 8\\n']\nassert not ['Dropdown 1 - Message: element not interactable\\n  (Session info: chrome=138.0.7204.93)\\nStacktrace:\\n0   chromedriver                        0x00000001029acea4 cxxbridge1$str$ptr + 2722840\\n1   chromedriver                        0x00000001029a4dac cxxbridge1$str$ptr + 2689824\\n2   chromedriver                        0x00000001024f6260 cxxbridge1$string$len + 90252\\n3   chromedriver                        0x000000010253e568 cxxbridge1$string$len + 385940\\n4   chromedriver                        0x0000000102533358 cxxbridge1$string$len + 340356\\n5   chromedriver                        0x0000000102532de4 cxxbridge1$string$len + 338960\\n6   chromedriver                        0x000000010257e934 cxxbridge1$string$len + 649056\\n7   chromedriver                        0x0000000102531834 cxxbridge1$string$len + 333408\\n8   chromedriver                        0x000000010296ffc0 cxxbridge1$str$ptr + 2473268\\n9   chromedriver                        0x000000010297322c cxxbridge1$str$ptr + 2486176\\n10  chromedriver                        0x0000000102951a08 cxxbridge1$str$ptr + 2348924\\n11  chromedriver                        0x0000000102973ae8 cxxbridge1$str$ptr + 2488412\\n12  chromedriver                        0x0000000102942a98 cxxbridge1$str$ptr + 2287628\\n13  chromedriver                        0x00000001029939d8 cxxbridge1$str$ptr + 2619212\\n14  chromedriver                        0x0000000102993b64 cxxbridge1$str$ptr + 2619608\\n15  chromedriver                        0x00000001029a49e8 cxxbridge1$str$ptr + 2688860\\n16  libsystem_pthread.dylib             0x00000001967c5f94 _pthread_start + 136\\n17  libsystem_pthread.dylib             0x00000001967c0d34 thread_start + 8\\n', 'Dropdown 5 - Message: stale element reference: stale element not found in the current frame\\n  (Session info: chrome=138.0.7204.93); For documentation on this error, please visit: https://www.selenium.dev/documentation/webdriver/troubleshooting/errors#stale-element-reference-exception\\nStacktrace:\\n0   chromedriver                        0x00000001029acea4 cxxbridge1$str$ptr + 2722840\\n1   chromedriver                        0x00000001029a4dac cxxbridge1$str$ptr + 2689824\\n2   chromedriver                        0x00000001024f63ec cxxbridge1$string$len + 90648\\n3   chromedriver                        0x00000001024fc0a0 cxxbridge1$string$len + 114380\\n4   chromedriver                        0x00000001024fe66c cxxbridge1$string$len + 124056\\n5   chromedriver                        0x00000001024fe6ec cxxbridge1$string$len + 124184\\n6   chromedriver                        0x000000010257f648 cxxbridge1$string$len + 652404\\n7   chromedriver                        0x000000010257e934 cxxbridge1$string$len + 649056\\n8   chromedriver                        0x0000000102531834 cxxbridge1$string$len + 333408\\n9   chromedriver                        0x000000010296ffc0 cxxbridge1$str$ptr + 2473268\\n10  chromedriver                        0x000000010297322c cxxbridge1$str$ptr + 2486176\\n11  chromedriver                        0x0000000102951a08 cxxbridge1$str$ptr + 2348924\\n12  chromedriver                        0x0000000102973ae8 cxxbridge1$str$ptr + 2488412\\n13  chromedriver                        0x0000000102942a98 cxxbridge1$str$ptr + 2287628\\n14  chromedriver                        0x00000001029939d8 cxxbridge1$str$ptr + 2619212\\n15  chromedriver                        0x0000000102993b64 cxxbridge1$str$ptr + 2619608\\n16  chromedriver                        0x00000001029a49e8 cxxbridge1$str$ptr + 2688860\\n17  libsystem_pthread.dylib             0x00000001967c5f94 _pthread_start + 136\\n18  libsystem_pthread.dylib             0x00000001967c0d34 thread_start + 8\\n', 'Dropdown 9 - Message: stale element reference: stale element not found in the current frame\\n  (Session info: chrome=138.0.7204.93); For documentation on this error, please visit: https://www.selenium.dev/documentation/webdriver/troubleshooting/errors#stale-element-reference-exception\\nStacktrace:\\n0   chromedriver                        0x00000001029acea4 cxxbridge1$str$ptr + 2722840\\n1   chromedriver                        0x00000001029a4dac cxxbridge1$str$ptr + 2689824\\n2   chromedriver                        0x00000001024f63ec cxxbridge1$string$len + 90648\\n3   chromedriver                        0x00000001024fc0a0 cxxbridge1$string$len + 114380\\n4   chromedriver                        0x00000001024fe66c cxxbridge1$string$len + 124056\\n5   chromedriver                        0x00000001024fe6ec cxxbridge1$string$len + 124184\\n6   chromedriver                        0x000000010257f648 cxxbridge1$string$len + 652404\\n7   chromedriver                        0x000000010257e934 cxxbridge1$string$len + 649056\\n8   chromedriver                        0x0000000102531834 cxxbridge1$string$len + 333408\\n9   chromedriver                        0x000000010296ffc0 cxxbridge1$str$ptr + 2473268\\n10  chromedriver                        0x000000010297322c cxxbridge1$str$ptr + 2486176\\n11  chromedriver                        0x0000000102951a08 cxxbridge1$str$ptr + 2348924\\n12  chromedriver                        0x0000000102973ae8 cxxbridge1$str$ptr + 2488412\\n13  chromedriver                        0x0000000102942a98 cxxbridge1$str$ptr + 2287628\\n14  chromedriver                        0x00000001029939d8 cxxbridge1$str$ptr + 2619212\\n15  chromedriver                        0x0000000102993b64 cxxbridge1$str$ptr + 2619608\\n16  chromedriver                        0x00000001029a49e8 cxxbridge1$str$ptr + 2688860\\n17  libsystem_pthread.dylib             0x00000001967c5f94 _pthread_start + 136\\n18  libsystem_pthread.dylib             0x00000001967c0d34 thread_start + 8\\n', 'Dropdown 10 - Message: stale element reference: stale element not found in the current frame\\n  (Session info: chrome=138.0.7204.93); For documentation on this error, please visit: https://www.selenium.dev/documentation/webdriver/troubleshooting/errors#stale-element-reference-exception\\nStacktrace:\\n0   chromedriver                        0x00000001029acea4 cxxbridge1$str$ptr + 2722840\\n1   chromedriver                        0x00000001029a4dac cxxbridge1$str$ptr + 2689824\\n2   chromedriver                        0x00000001024f63ec cxxbridge1$string$len + 90648\\n3   chromedriver                        0x00000001024fc0a0 cxxbridge1$string$len + 114380\\n4   chromedriver                        0x00000001024fe66c cxxbridge1$string$len + 124056\\n5   chromedriver                        0x00000001024fe6ec cxxbridge1$string$len + 124184\\n6   chromedriver                        0x000000010257f648 cxxbridge1$string$len + 652404\\n7   chromedriver                        0x000000010257e934 cxxbridge1$string$len + 649056\\n8   chromedriver                        0x0000000102531834 cxxbridge1$string$len + 333408\\n9   chromedriver                        0x000000010296ffc0 cxxbridge1$str$ptr + 2473268\\n10  chromedriver                        0x000000010297322c cxxbridge1$str$ptr + 2486176\\n11  chromedriver                        0x0000000102951a08 cxxbridge1$str$ptr + 2348924\\n12  chromedriver                        0x0000000102973ae8 cxxbridge1$str$ptr + 2488412\\n13  chromedriver                        0x0000000102942a98 cxxbridge1$str$ptr + 2287628\\n14  chromedriver                        0x00000001029939d8 cxxbridge1$str$ptr + 2619212\\n15  chromedriver                        0x0000000102993b64 cxxbridge1$str$ptr + 2619608\\n16  chromedriver                        0x00000001029a49e8 cxxbridge1$str$ptr + 2688860\\n17  libsystem_pthread.dylib             0x00000001967c5f94 _pthread_start + 136\\n18  libsystem_pthread.dylib             0x00000001967c0d34 thread_start + 8\\n']", "trace": "self = <tests.test_dashboard.TestDashBoard object at 0x102fefa90>\ndriver = <selenium.webdriver.chrome.webdriver.WebDriver (session=\"238f8b7dfaf4d2e5c4aea32c6e410a70\")>\nconfig = {'browser': 'chrome', 'client': 'YATRA', 'env': 'QA', 'execution': 'local', ...}\n\n    @allure.title(\"Verify transaction value changes when selecting options in all filter dropdowns\")\n    @pytest.mark.smoke\n    def test_custom_dropdowns_values(self, driver, config):\n        login_page = LoginPage(driver)\n        dashboard_page = login_page.login(config[\"username\"], config[\"password\"])\n        unchanged, errors = dashboard_page.validate_all_dropdowns_functionality()\n        assert not unchanged, f\"The following dropdowns did NOT change the transaction value: {unchanged}\"\n>       assert not errors, f\"Exceptions occurred in the following dropdowns: {errors}\"\nE       AssertionError: Exceptions occurred in the following dropdowns: ['Dropdown 1 - Message: element not interactable\\n  (Session info: chrome=138.0.7204.93)\\nStacktrace:\\n0   chromedriver                        0x00000001029acea4 cxxbridge1$str$ptr + 2722840\\n1   chromedriver                        0x00000001029a4dac cxxbridge1$str$ptr + 2689824\\n2   chromedriver                        0x00000001024f6260 cxxbridge1$string$len + 90252\\n3   chromedriver                        0x000000010253e568 cxxbridge1$string$len + 385940\\n4   chromedriver                        0x0000000102533358 cxxbridge1$string$len + 340356\\n5   chromedriver                        0x0000000102532de4 cxxbridge1$string$len + 338960\\n6   chromedriver                        0x000000010257e934 cxxbridge1$string$len + 649056\\n7   chromedriver                        0x0000000102531834 cxxbridge1$string$len + 333408\\n8   chromedriver                        0x000000010296ffc0 cxxbridge1$str$ptr + 2473268\\n9   chromedriver                        0x000000010297322c cxxbridge1$str$ptr + 2486176\\n10  chromedriver                        0x0000000102951a08 cxxbridge1$str$ptr + 2348924\\n11  chromedriver                        0x0000000102973ae8 cxxbridge1$str$ptr + 2488412\\n12  chromedriver                        0x0000000102942a98 cxxbridge1$str$ptr + 2287628\\n13  chromedriver                        0x00000001029939d8 cxxbridge1$str$ptr + 2619212\\n14  chromedriver                        0x0000000102993b64 cxxbridge1$str$ptr + 2619608\\n15  chromedriver                        0x00000001029a49e8 cxxbridge1$str$ptr + 2688860\\n16  libsystem_pthread.dylib             0x00000001967c5f94 _pthread_start + 136\\n17  libsystem_pthread.dylib             0x00000001967c0d34 thread_start + 8\\n', 'Dropdown 5 - Message: stale element reference: stale element not found in the current frame\\n  (Session info: chrome=138.0.7204.93); For documentation on this error, please visit: https://www.selenium.dev/documentation/webdriver/troubleshooting/errors#stale-element-reference-exception\\nStacktrace:\\n0   chromedriver                        0x00000001029acea4 cxxbridge1$str$ptr + 2722840\\n1   chromedriver                        0x00000001029a4dac cxxbridge1$str$ptr + 2689824\\n2   chromedriver                        0x00000001024f63ec cxxbridge1$string$len + 90648\\n3   chromedriver                        0x00000001024fc0a0 cxxbridge1$string$len + 114380\\n4   chromedriver                        0x00000001024fe66c cxxbridge1$string$len + 124056\\n5   chromedriver                        0x00000001024fe6ec cxxbridge1$string$len + 124184\\n6   chromedriver                        0x000000010257f648 cxxbridge1$string$len + 652404\\n7   chromedriver                        0x000000010257e934 cxxbridge1$string$len + 649056\\n8   chromedriver                        0x0000000102531834 cxxbridge1$string$len + 333408\\n9   chromedriver                        0x000000010296ffc0 cxxbridge1$str$ptr + 2473268\\n10  chromedriver                        0x000000010297322c cxxbridge1$str$ptr + 2486176\\n11  chromedriver                        0x0000000102951a08 cxxbridge1$str$ptr + 2348924\\n12  chromedriver                        0x0000000102973ae8 cxxbridge1$str$ptr + 2488412\\n13  chromedriver                        0x0000000102942a98 cxxbridge1$str$ptr + 2287628\\n14  chromedriver                        0x00000001029939d8 cxxbridge1$str$ptr + 2619212\\n15  chromedriver                        0x0000000102993b64 cxxbridge1$str$ptr + 2619608\\n16  chromedriver                        0x00000001029a49e8 cxxbridge1$str$ptr + 2688860\\n17  libsystem_pthread.dylib             0x00000001967c5f94 _pthread_start + 136\\n18  libsystem_pthread.dylib             0x00000001967c0d34 thread_start + 8\\n', 'Dropdown 9 - Message: stale element reference: stale element not found in the current frame\\n  (Session info: chrome=138.0.7204.93); For documentation on this error, please visit: https://www.selenium.dev/documentation/webdriver/troubleshooting/errors#stale-element-reference-exception\\nStacktrace:\\n0   chromedriver                        0x00000001029acea4 cxxbridge1$str$ptr + 2722840\\n1   chromedriver                        0x00000001029a4dac cxxbridge1$str$ptr + 2689824\\n2   chromedriver                        0x00000001024f63ec cxxbridge1$string$len + 90648\\n3   chromedriver                        0x00000001024fc0a0 cxxbridge1$string$len + 114380\\n4   chromedriver                        0x00000001024fe66c cxxbridge1$string$len + 124056\\n5   chromedriver                        0x00000001024fe6ec cxxbridge1$string$len + 124184\\n6   chromedriver                        0x000000010257f648 cxxbridge1$string$len + 652404\\n7   chromedriver                        0x000000010257e934 cxxbridge1$string$len + 649056\\n8   chromedriver                        0x0000000102531834 cxxbridge1$string$len + 333408\\n9   chromedriver                        0x000000010296ffc0 cxxbridge1$str$ptr + 2473268\\n10  chromedriver                        0x000000010297322c cxxbridge1$str$ptr + 2486176\\n11  chromedriver                        0x0000000102951a08 cxxbridge1$str$ptr + 2348924\\n12  chromedriver                        0x0000000102973ae8 cxxbridge1$str$ptr + 2488412\\n13  chromedriver                        0x0000000102942a98 cxxbridge1$str$ptr + 2287628\\n14  chromedriver                        0x00000001029939d8 cxxbridge1$str$ptr + 2619212\\n15  chromedriver                        0x0000000102993b64 cxxbridge1$str$ptr + 2619608\\n16  chromedriver                        0x00000001029a49e8 cxxbridge1$str$ptr + 2688860\\n17  libsystem_pthread.dylib             0x00000001967c5f94 _pthread_start + 136\\n18  libsystem_pthread.dylib             0x00000001967c0d34 thread_start + 8\\n', 'Dropdown 10 - Message: stale element reference: stale element not found in the current frame\\n  (Session info: chrome=138.0.7204.93); For documentation on this error, please visit: https://www.selenium.dev/documentation/webdriver/troubleshooting/errors#stale-element-reference-exception\\nStacktrace:\\n0   chromedriver                        0x00000001029acea4 cxxbridge1$str$ptr + 2722840\\n1   chromedriver                        0x00000001029a4dac cxxbridge1$str$ptr + 2689824\\n2   chromedriver                        0x00000001024f63ec cxxbridge1$string$len + 90648\\n3   chromedriver                        0x00000001024fc0a0 cxxbridge1$string$len + 114380\\n4   chromedriver                        0x00000001024fe66c cxxbridge1$string$len + 124056\\n5   chromedriver                        0x00000001024fe6ec cxxbridge1$string$len + 124184\\n6   chromedriver                        0x000000010257f648 cxxbridge1$string$len + 652404\\n7   chromedriver                        0x000000010257e934 cxxbridge1$string$len + 649056\\n8   chromedriver                        0x0000000102531834 cxxbridge1$string$len + 333408\\n9   chromedriver                        0x000000010296ffc0 cxxbridge1$str$ptr + 2473268\\n10  chromedriver                        0x000000010297322c cxxbridge1$str$ptr + 2486176\\n11  chromedriver                        0x0000000102951a08 cxxbridge1$str$ptr + 2348924\\n12  chromedriver                        0x0000000102973ae8 cxxbridge1$str$ptr + 2488412\\n13  chromedriver                        0x0000000102942a98 cxxbridge1$str$ptr + 2287628\\n14  chromedriver                        0x00000001029939d8 cxxbridge1$str$ptr + 2619212\\n15  chromedriver                        0x0000000102993b64 cxxbridge1$str$ptr + 2619608\\n16  chromedriver                        0x00000001029a49e8 cxxbridge1$str$ptr + 2688860\\n17  libsystem_pthread.dylib             0x00000001967c5f94 _pthread_start + 136\\n18  libsystem_pthread.dylib             0x00000001967c0d34 thread_start + 8\\n']\nE       assert not ['Dropdown 1 - Message: element not interactable\\n  (Session info: chrome=138.0.7204.93)\\nStacktrace:\\n0   chromedriver                        0x00000001029acea4 cxxbridge1$str$ptr + 2722840\\n1   chromedriver                        0x00000001029a4dac cxxbridge1$str$ptr + 2689824\\n2   chromedriver                        0x00000001024f6260 cxxbridge1$string$len + 90252\\n3   chromedriver                        0x000000010253e568 cxxbridge1$string$len + 385940\\n4   chromedriver                        0x0000000102533358 cxxbridge1$string$len + 340356\\n5   chromedriver                        0x0000000102532de4 cxxbridge1$string$len + 338960\\n6   chromedriver                        0x000000010257e934 cxxbridge1$string$len + 649056\\n7   chromedriver                        0x0000000102531834 cxxbridge1$string$len + 333408\\n8   chromedriver                        0x000000010296ffc0 cxxbridge1$str$ptr + 2473268\\n9   chromedriver                        0x000000010297322c cxxbridge1$str$ptr + 2486176\\n10  chromedriver                        0x0000000102951a08 cxxbridge1$str$ptr + 2348924\\n11  chromedriver                        0x0000000102973ae8 cxxbridge1$str$ptr + 2488412\\n12  chromedriver                        0x0000000102942a98 cxxbridge1$str$ptr + 2287628\\n13  chromedriver                        0x00000001029939d8 cxxbridge1$str$ptr + 2619212\\n14  chromedriver                        0x0000000102993b64 cxxbridge1$str$ptr + 2619608\\n15  chromedriver                        0x00000001029a49e8 cxxbridge1$str$ptr + 2688860\\n16  libsystem_pthread.dylib             0x00000001967c5f94 _pthread_start + 136\\n17  libsystem_pthread.dylib             0x00000001967c0d34 thread_start + 8\\n', 'Dropdown 5 - Message: stale element reference: stale element not found in the current frame\\n  (Session info: chrome=138.0.7204.93); For documentation on this error, please visit: https://www.selenium.dev/documentation/webdriver/troubleshooting/errors#stale-element-reference-exception\\nStacktrace:\\n0   chromedriver                        0x00000001029acea4 cxxbridge1$str$ptr + 2722840\\n1   chromedriver                        0x00000001029a4dac cxxbridge1$str$ptr + 2689824\\n2   chromedriver                        0x00000001024f63ec cxxbridge1$string$len + 90648\\n3   chromedriver                        0x00000001024fc0a0 cxxbridge1$string$len + 114380\\n4   chromedriver                        0x00000001024fe66c cxxbridge1$string$len + 124056\\n5   chromedriver                        0x00000001024fe6ec cxxbridge1$string$len + 124184\\n6   chromedriver                        0x000000010257f648 cxxbridge1$string$len + 652404\\n7   chromedriver                        0x000000010257e934 cxxbridge1$string$len + 649056\\n8   chromedriver                        0x0000000102531834 cxxbridge1$string$len + 333408\\n9   chromedriver                        0x000000010296ffc0 cxxbridge1$str$ptr + 2473268\\n10  chromedriver                        0x000000010297322c cxxbridge1$str$ptr + 2486176\\n11  chromedriver                        0x0000000102951a08 cxxbridge1$str$ptr + 2348924\\n12  chromedriver                        0x0000000102973ae8 cxxbridge1$str$ptr + 2488412\\n13  chromedriver                        0x0000000102942a98 cxxbridge1$str$ptr + 2287628\\n14  chromedriver                        0x00000001029939d8 cxxbridge1$str$ptr + 2619212\\n15  chromedriver                        0x0000000102993b64 cxxbridge1$str$ptr + 2619608\\n16  chromedriver                        0x00000001029a49e8 cxxbridge1$str$ptr + 2688860\\n17  libsystem_pthread.dylib             0x00000001967c5f94 _pthread_start + 136\\n18  libsystem_pthread.dylib             0x00000001967c0d34 thread_start + 8\\n', 'Dropdown 9 - Message: stale element reference: stale element not found in the current frame\\n  (Session info: chrome=138.0.7204.93); For documentation on this error, please visit: https://www.selenium.dev/documentation/webdriver/troubleshooting/errors#stale-element-reference-exception\\nStacktrace:\\n0   chromedriver                        0x00000001029acea4 cxxbridge1$str$ptr + 2722840\\n1   chromedriver                        0x00000001029a4dac cxxbridge1$str$ptr + 2689824\\n2   chromedriver                        0x00000001024f63ec cxxbridge1$string$len + 90648\\n3   chromedriver                        0x00000001024fc0a0 cxxbridge1$string$len + 114380\\n4   chromedriver                        0x00000001024fe66c cxxbridge1$string$len + 124056\\n5   chromedriver                        0x00000001024fe6ec cxxbridge1$string$len + 124184\\n6   chromedriver                        0x000000010257f648 cxxbridge1$string$len + 652404\\n7   chromedriver                        0x000000010257e934 cxxbridge1$string$len + 649056\\n8   chromedriver                        0x0000000102531834 cxxbridge1$string$len + 333408\\n9   chromedriver                        0x000000010296ffc0 cxxbridge1$str$ptr + 2473268\\n10  chromedriver                        0x000000010297322c cxxbridge1$str$ptr + 2486176\\n11  chromedriver                        0x0000000102951a08 cxxbridge1$str$ptr + 2348924\\n12  chromedriver                        0x0000000102973ae8 cxxbridge1$str$ptr + 2488412\\n13  chromedriver                        0x0000000102942a98 cxxbridge1$str$ptr + 2287628\\n14  chromedriver                        0x00000001029939d8 cxxbridge1$str$ptr + 2619212\\n15  chromedriver                        0x0000000102993b64 cxxbridge1$str$ptr + 2619608\\n16  chromedriver                        0x00000001029a49e8 cxxbridge1$str$ptr + 2688860\\n17  libsystem_pthread.dylib             0x00000001967c5f94 _pthread_start + 136\\n18  libsystem_pthread.dylib             0x00000001967c0d34 thread_start + 8\\n', 'Dropdown 10 - Message: stale element reference: stale element not found in the current frame\\n  (Session info: chrome=138.0.7204.93); For documentation on this error, please visit: https://www.selenium.dev/documentation/webdriver/troubleshooting/errors#stale-element-reference-exception\\nStacktrace:\\n0   chromedriver                        0x00000001029acea4 cxxbridge1$str$ptr + 2722840\\n1   chromedriver                        0x00000001029a4dac cxxbridge1$str$ptr + 2689824\\n2   chromedriver                        0x00000001024f63ec cxxbridge1$string$len + 90648\\n3   chromedriver                        0x00000001024fc0a0 cxxbridge1$string$len + 114380\\n4   chromedriver                        0x00000001024fe66c cxxbridge1$string$len + 124056\\n5   chromedriver                        0x00000001024fe6ec cxxbridge1$string$len + 124184\\n6   chromedriver                        0x000000010257f648 cxxbridge1$string$len + 652404\\n7   chromedriver                        0x000000010257e934 cxxbridge1$string$len + 649056\\n8   chromedriver                        0x0000000102531834 cxxbridge1$string$len + 333408\\n9   chromedriver                        0x000000010296ffc0 cxxbridge1$str$ptr + 2473268\\n10  chromedriver                        0x000000010297322c cxxbridge1$str$ptr + 2486176\\n11  chromedriver                        0x0000000102951a08 cxxbridge1$str$ptr + 2348924\\n12  chromedriver                        0x0000000102973ae8 cxxbridge1$str$ptr + 2488412\\n13  chromedriver                        0x0000000102942a98 cxxbridge1$str$ptr + 2287628\\n14  chromedriver                        0x00000001029939d8 cxxbridge1$str$ptr + 2619212\\n15  chromedriver                        0x0000000102993b64 cxxbridge1$str$ptr + 2619608\\n16  chromedriver                        0x00000001029a49e8 cxxbridge1$str$ptr + 2688860\\n17  libsystem_pthread.dylib             0x00000001967c5f94 _pthread_start + 136\\n18  libsystem_pthread.dylib             0x00000001967c0d34 thread_start + 8\\n']\n\ntest_dashboard.py:102: AssertionError"}, "steps": [{"name": "Enter email and password and click Sign In.", "status": "passed", "parameters": [{"name": "username", "value": "'sumit@kgrp.in'"}, {"name": "password", "value": "'HRzyUJi0'"}], "start": 1752062020655, "stop": 1752062021221}], "attachments": [{"name": "test_custom_dropdowns_values_2025-07-09_17-24-39.png", "source": "7c8e2d82-a1aa-45d5-9897-c9a3516e920c-attachment.png", "type": "image/png"}, {"name": "stdout", "source": "eea068c3-8801-45cc-842e-26ba53dba02f-attachment.txt", "type": "text/plain"}], "start": 1752062020654, "stop": 1752062079626, "uuid": "e43002db-c6b3-4c95-82c7-dc8fa4ba6d8a", "historyId": "19a5fb1536538ca7311694ec3e79de6b", "testCaseId": "19a5fb1536538ca7311694ec3e79de6b", "fullName": "src.tests.test_dashboard.TestDashBoard#test_custom_dropdowns_values", "labels": [{"name": "tag", "value": "smoke"}, {"name": "parentSuite", "value": "src.tests"}, {"name": "suite", "value": "test_dashboard"}, {"name": "subSuite", "value": "TestDashBoard"}, {"name": "host", "value": "macs-MacBook-Pro.local"}, {"name": "thread", "value": "48872-MainThread"}, {"name": "framework", "value": "pytest"}, {"name": "language", "value": "cpython3"}, {"name": "package", "value": "src.tests.test_dashboard"}]}