{"name": "Verify transaction value changes when selecting options in all filter dropdowns", "status": "failed", "statusDetails": {"message": "AssertionError: The following dropdowns did NOT change the transaction value: ['Dropdown 9', 'Dropdown 10']\nassert not ['Dropdown 9', 'Dropdown 10']", "trace": "self = <tests.test_dashboard.TestDashBoard object at 0x105df0970>\ndriver = <selenium.webdriver.chrome.webdriver.WebDriver (session=\"2c955bc9f1bded3da457dfc1c13f014a\")>\nconfig = {'browser': 'chrome', 'client': 'YATRA', 'env': 'QA', 'execution': 'local', ...}\n\n    @allure.title(\"Verify transaction value changes when selecting options in all filter dropdowns\")\n    @pytest.mark.smoke\n    def test_custom_dropdowns_values(self, driver, config):\n        login_page = LoginPage(driver)\n        dashboard_page = login_page.login(config[\"username\"], config[\"password\"])\n        unchanged, errors = dashboard_page.validate_all_dropdowns_functionality()\n>       assert not unchanged, f\"The following dropdowns did NOT change the transaction value: {unchanged}\"\nE       AssertionError: The following dropdowns did NOT change the transaction value: ['Dropdown 9', 'Dropdown 10']\nE       assert not ['Dropdown 9', 'Dropdown 10']\n\ntest_dashboard.py:101: AssertionError"}, "steps": [{"name": "Enter email and password and click Sign In.", "status": "passed", "parameters": [{"name": "username", "value": "'sumit@kgrp.in'"}, {"name": "password", "value": "'HRzyUJi0'"}], "start": 1752064598556, "stop": 1752064599353}], "attachments": [{"name": "test_custom_dropdowns_values_2025-07-09_18-07-47.png", "source": "9e8ecfff-afad-422b-9979-8adfc11b5232-attachment.png", "type": "image/png"}, {"name": "stdout", "source": "16d29e42-72a7-4caf-89f5-a2ae27193391-attachment.txt", "type": "text/plain"}], "start": 1752064598555, "stop": 1752064667588, "uuid": "427f9d5b-38a5-4c76-aca4-12cab48d6419", "historyId": "19a5fb1536538ca7311694ec3e79de6b", "testCaseId": "19a5fb1536538ca7311694ec3e79de6b", "fullName": "src.tests.test_dashboard.TestDashBoard#test_custom_dropdowns_values", "labels": [{"name": "tag", "value": "smoke"}, {"name": "parentSuite", "value": "src.tests"}, {"name": "suite", "value": "test_dashboard"}, {"name": "subSuite", "value": "TestDashBoard"}, {"name": "host", "value": "macs-MacBook-Pro.local"}, {"name": "thread", "value": "49801-MainThread"}, {"name": "framework", "value": "pytest"}, {"name": "language", "value": "cpython3"}, {"name": "package", "value": "src.tests.test_dashboard"}]}