{"name": "Verify transaction value changes when selecting options in all filter dropdowns", "status": "failed", "statusDetails": {"message": "AssertionError: The following dropdowns did NOT change the transaction value: ['Dropdown 9', 'Dropdown 10']\nassert not ['Dropdown 9', 'Dropdown 10']", "trace": "self = <tests.test_dashboard.TestDashBoard object at 0x106cf0a00>\ndriver = <selenium.webdriver.chrome.webdriver.WebDriver (session=\"064378f08afeca81d7bffbe2a4776d48\")>\nconfig = {'browser': 'chrome', 'client': 'YATRA', 'env': 'QA', 'execution': 'local', ...}\n\n    @allure.title(\"Verify transaction value changes when selecting options in all filter dropdowns\")\n    @pytest.mark.smoke\n    def test_custom_dropdowns_values(self, driver, config):\n        login_page = LoginPage(driver)\n        dashboard_page = login_page.login(config[\"username\"], config[\"password\"])\n        unchanged, errors = dashboard_page.validate_all_dropdowns_functionality()\n>       assert not unchanged, f\"The following dropdowns did NOT change the transaction value: {unchanged}\"\nE       AssertionError: The following dropdowns did NOT change the transaction value: ['Dropdown 9', 'Dropdown 10']\nE       assert not ['Dropdown 9', 'Dropdown 10']\n\ntest_dashboard.py:101: AssertionError"}, "steps": [{"name": "Enter email and password and click Sign In.", "status": "passed", "parameters": [{"name": "username", "value": "'sumit@kgrp.in'"}, {"name": "password", "value": "'HRzyUJi0'"}], "start": 1752063258215, "stop": 1752063259157}], "attachments": [{"name": "test_custom_dropdowns_values_2025-07-09_17-45-26.png", "source": "0f65d575-5d28-4b83-8d55-4f46ceedc3c1-attachment.png", "type": "image/png"}, {"name": "stdout", "source": "a2185e0e-c26f-402e-8163-1efe3a30ddb8-attachment.txt", "type": "text/plain"}], "start": 1752063258214, "stop": 1752063326498, "uuid": "4b29a8fa-dd1c-425d-bdab-ab0103960a6f", "historyId": "19a5fb1536538ca7311694ec3e79de6b", "testCaseId": "19a5fb1536538ca7311694ec3e79de6b", "fullName": "src.tests.test_dashboard.TestDashBoard#test_custom_dropdowns_values", "labels": [{"name": "tag", "value": "smoke"}, {"name": "parentSuite", "value": "src.tests"}, {"name": "suite", "value": "test_dashboard"}, {"name": "subSuite", "value": "TestDashBoard"}, {"name": "host", "value": "macs-MacBook-Pro.local"}, {"name": "thread", "value": "49386-MainThread"}, {"name": "framework", "value": "pytest"}, {"name": "language", "value": "cpython3"}, {"name": "package", "value": "src.tests.test_dashboard"}]}