{"name": "Click each top module and verify it loads correct view title", "status": "failed", "statusDetails": {"message": "AssertionError: View title not found for module: Dashboard - Airline\nassert None is not None", "trace": "self = <tests.test_dashboard.TestDashBoard object at 0x102e55850>\ndriver = <selenium.webdriver.chrome.webdriver.WebDriver (session=\"187c26142b5b52e883611828b32e78eb\")>\nconfig = {'browser': 'chrome', 'client': 'YATRA', 'env': 'QA', 'execution': 'local', ...}\n\n    @allure.title(\"Click each top module and verify it loads correct view title\")\n    @pytest.mark.regression\n    def test_top_module_titles(self, driver, config):\n        expected_modules = config.get(\"expected_top_modules\", [])\n        login_page = LoginPage(driver)\n        dashboard_page = login_page.login(config[\"username\"], config[\"password\"])\n        for module in expected_modules:\n            dashboard_page.click_top_module(module)\n            dashboard_page.switch_to_dashboard_iframe()\n            actual_title = dashboard_page.get_module_title_text()\n            dashboard_page.switch_to_default()  # optional\n>           assert actual_title is not None, f\"View title not found for module: {module}\"\nE           AssertionError: View title not found for module: Dashboard - Airline\nE           assert None is not None\n\ntest_dashboard.py:83: AssertionError"}, "steps": [{"name": "Enter email and password and click Sign In.", "status": "passed", "parameters": [{"name": "username", "value": "'sumit@kgrp.in'"}, {"name": "password", "value": "'HRzyUJi0'"}], "start": 1752234036808, "stop": 1752234042349}], "attachments": [{"name": "test_top_module_titles_2025-07-11_17-10-54.png", "source": "5c816209-3eb3-4b05-ab1f-58c617868ebd-attachment.png", "type": "image/png"}, {"name": "stdout", "source": "5d183071-9215-4fe0-ae5c-8c9303966f85-attachment.txt", "type": "text/plain"}], "start": 1752234036805, "stop": 1752234054474, "uuid": "2f16f2d9-7ce3-41cc-909e-de2005e70e2f", "historyId": "0ad3ee38f7dfb489c17d1a62bbf5f19e", "testCaseId": "0ad3ee38f7dfb489c17d1a62bbf5f19e", "fullName": "src.tests.test_dashboard.TestDashBoard#test_top_module_titles", "labels": [{"name": "tag", "value": "regression"}, {"name": "parentSuite", "value": "src.tests"}, {"name": "suite", "value": "test_dashboard"}, {"name": "subSuite", "value": "TestDashBoard"}, {"name": "host", "value": "macs-MacBook-Pro.local"}, {"name": "thread", "value": "68947-MainThread"}, {"name": "framework", "value": "pytest"}, {"name": "language", "value": "cpython3"}, {"name": "package", "value": "src.tests.test_dashboard"}]}