{"name": "Verify transaction value changes when selecting options in all filter dropdowns", "status": "failed", "statusDetails": {"message": "AssertionError: The following dropdowns did NOT change the transaction value: ['Dropdown 1', 'Dropdown 2', 'Dropdown 4', 'Dropdown 7']\nassert not ['Dropdown 1', 'Dropdown 2', 'Dropdown 4', 'Dropdown 7']", "trace": "self = <tests.test_dashboard.TestDashBoard object at 0x104df2a00>\ndriver = <selenium.webdriver.chrome.webdriver.WebDriver (session=\"2b8a68b3e7e35df512835dd2dbf88db7\")>\nconfig = {'browser': 'chrome', 'client': 'YATRA', 'env': 'QA', 'execution': 'local', ...}\n\n    @allure.title(\"Verify transaction value changes when selecting options in all filter dropdowns\")\n    @pytest.mark.smoke\n    def test_custom_dropdowns_values(self, driver, config):\n        login_page = LoginPage(driver)\n        dashboard_page = login_page.login(config[\"username\"], config[\"password\"])\n        unchanged, errors = dashboard_page.validate_all_dropdowns_functionality()\n>       assert not unchanged, f\"The following dropdowns did NOT change the transaction value: {unchanged}\"\nE       AssertionError: The following dropdowns did NOT change the transaction value: ['Dropdown 1', 'Dropdown 2', 'Dropdown 4', 'Dropdown 7']\nE       assert not ['Dropdown 1', 'Dropdown 2', 'Dropdown 4', 'Dropdown 7']\n\ntest_dashboard.py:101: AssertionError"}, "steps": [{"name": "Enter email and password and click Sign In.", "status": "passed", "parameters": [{"name": "username", "value": "'sumit@kgrp.in'"}, {"name": "password", "value": "'HRzyUJi0'"}], "start": 1752124920127, "stop": 1752124920943}], "attachments": [{"name": "test_custom_dropdowns_values_2025-07-10_10-53-21.png", "source": "0249fd91-4c5a-4bcc-9007-527ea70457aa-attachment.png", "type": "image/png"}, {"name": "stdout", "source": "bef8a532-a216-4820-b78f-ce7ce5ddd5a0-attachment.txt", "type": "text/plain"}], "start": 1752124920127, "stop": 1752125001907, "uuid": "bc214325-0d92-4e34-ad36-e83536eb3367", "historyId": "19a5fb1536538ca7311694ec3e79de6b", "testCaseId": "19a5fb1536538ca7311694ec3e79de6b", "fullName": "src.tests.test_dashboard.TestDashBoard#test_custom_dropdowns_values", "labels": [{"name": "tag", "value": "smoke"}, {"name": "parentSuite", "value": "src.tests"}, {"name": "suite", "value": "test_dashboard"}, {"name": "subSuite", "value": "TestDashBoard"}, {"name": "host", "value": "macs-MacBook-Pro.local"}, {"name": "thread", "value": "52091-MainThread"}, {"name": "framework", "value": "pytest"}, {"name": "language", "value": "cpython3"}, {"name": "package", "value": "src.tests.test_dashboard"}]}