{"name": "Verify transaction value changes when selecting options in all filter dropdowns", "status": "failed", "statusDetails": {"message": "AssertionError: Exceptions occurred in the following dropdowns: ['Dropdown 1 - Message: element not interactable\\n  (Session info: chrome=138.0.7204.93)\\nStacktrace:\\n0   chromedriver                        0x0000000105484ea4 cxxbridge1$str$ptr + 2722840\\n1   chromedriver                        0x000000010547cdac cxxbridge1$str$ptr + 2689824\\n2   chromedriver                        0x0000000104fce260 cxxbridge1$string$len + 90252\\n3   chromedriver                        0x0000000105016568 cxxbridge1$string$len + 385940\\n4   chromedriver                        0x000000010500b358 cxxbridge1$string$len + 340356\\n5   chromedriver                        0x000000010500ade4 cxxbridge1$string$len + 338960\\n6   chromedriver                        0x0000000105056934 cxxbridge1$string$len + 649056\\n7   chromedriver                        0x0000000105009834 cxxbridge1$string$len + 333408\\n8   chromedriver                        0x0000000105447fc0 cxxbridge1$str$ptr + 2473268\\n9   chromedriver                        0x000000010544b22c cxxbridge1$str$ptr + 2486176\\n10  chromedriver                        0x0000000105429a08 cxxbridge1$str$ptr + 2348924\\n11  chromedriver                        0x000000010544bae8 cxxbridge1$str$ptr + 2488412\\n12  chromedriver                        0x000000010541aa98 cxxbridge1$str$ptr + 2287628\\n13  chromedriver                        0x000000010546b9d8 cxxbridge1$str$ptr + 2619212\\n14  chromedriver                        0x000000010546bb64 cxxbridge1$str$ptr + 2619608\\n15  chromedriver                        0x000000010547c9e8 cxxbridge1$str$ptr + 2688860\\n16  libsystem_pthread.dylib             0x00000001967c5f94 _pthread_start + 136\\n17  libsystem_pthread.dylib             0x00000001967c0d34 thread_start + 8\\n', 'Dropdown 5 - Message: \\n', 'Dropdown 9 - Message: \\n', 'Dropdown 10 - Message: \\n']\nassert not ['Dropdown 1 - Message: element not interactable\\n  (Session info: chrome=138.0.7204.93)\\nStacktrace:\\n0   chromedriver                        0x0000000105484ea4 cxxbridge1$str$ptr + 2722840\\n1   chromedriver                        0x000000010547cdac cxxbridge1$str$ptr + 2689824\\n2   chromedriver                        0x0000000104fce260 cxxbridge1$string$len + 90252\\n3   chromedriver                        0x0000000105016568 cxxbridge1$string$len + 385940\\n4   chromedriver                        0x000000010500b358 cxxbridge1$string$len + 340356\\n5   chromedriver                        0x000000010500ade4 cxxbridge1$string$len + 338960\\n6   chromedriver                        0x0000000105056934 cxxbridge1$string$len + 649056\\n7   chromedriver                        0x0000000105009834 cxxbridge1$string$len + 333408\\n8   chromedriver                        0x0000000105447fc0 cxxbridge1$str$ptr + 2473268\\n9   chromedriver                        0x000000010544b22c cxxbridge1$str$ptr + 2486176\\n10  chromedriver                        0x0000000105429a08 cxxbridge1$str$ptr + 2348924\\n11  chromedriver                        0x000000010544bae8 cxxbridge1$str$ptr + 2488412\\n12  chromedriver                        0x000000010541aa98 cxxbridge1$str$ptr + 2287628\\n13  chromedriver                        0x000000010546b9d8 cxxbridge1$str$ptr + 2619212\\n14  chromedriver                        0x000000010546bb64 cxxbridge1$str$ptr + 2619608\\n15  chromedriver                        0x000000010547c9e8 cxxbridge1$str$ptr + 2688860\\n16  libsystem_pthread.dylib             0x00000001967c5f94 _pthread_start + 136\\n17  libsystem_pthread.dylib             0x00000001967c0d34 thread_start + 8\\n', 'Dropdown 5 - Message: \\n', 'Dropdown 9 - Message: \\n', 'Dropdown 10 - Message: \\n']", "trace": "self = <tests.test_dashboard.TestDashBoard object at 0x104cd3a00>\ndriver = <selenium.webdriver.chrome.webdriver.WebDriver (session=\"948153761b8c4df8a82af5bcda64538d\")>\nconfig = {'browser': 'chrome', 'client': 'YATRA', 'env': 'QA', 'execution': 'local', ...}\n\n    @allure.title(\"Verify transaction value changes when selecting options in all filter dropdowns\")\n    @pytest.mark.smoke\n    def test_custom_dropdowns_values(self, driver, config):\n        login_page = LoginPage(driver)\n        dashboard_page = login_page.login(config[\"username\"], config[\"password\"])\n        unchanged, errors = dashboard_page.validate_all_dropdowns_functionality()\n        assert not unchanged, f\"The following dropdowns did NOT change the transaction value: {unchanged}\"\n>       assert not errors, f\"Exceptions occurred in the following dropdowns: {errors}\"\nE       AssertionError: Exceptions occurred in the following dropdowns: ['Dropdown 1 - Message: element not interactable\\n  (Session info: chrome=138.0.7204.93)\\nStacktrace:\\n0   chromedriver                        0x0000000105484ea4 cxxbridge1$str$ptr + 2722840\\n1   chromedriver                        0x000000010547cdac cxxbridge1$str$ptr + 2689824\\n2   chromedriver                        0x0000000104fce260 cxxbridge1$string$len + 90252\\n3   chromedriver                        0x0000000105016568 cxxbridge1$string$len + 385940\\n4   chromedriver                        0x000000010500b358 cxxbridge1$string$len + 340356\\n5   chromedriver                        0x000000010500ade4 cxxbridge1$string$len + 338960\\n6   chromedriver                        0x0000000105056934 cxxbridge1$string$len + 649056\\n7   chromedriver                        0x0000000105009834 cxxbridge1$string$len + 333408\\n8   chromedriver                        0x0000000105447fc0 cxxbridge1$str$ptr + 2473268\\n9   chromedriver                        0x000000010544b22c cxxbridge1$str$ptr + 2486176\\n10  chromedriver                        0x0000000105429a08 cxxbridge1$str$ptr + 2348924\\n11  chromedriver                        0x000000010544bae8 cxxbridge1$str$ptr + 2488412\\n12  chromedriver                        0x000000010541aa98 cxxbridge1$str$ptr + 2287628\\n13  chromedriver                        0x000000010546b9d8 cxxbridge1$str$ptr + 2619212\\n14  chromedriver                        0x000000010546bb64 cxxbridge1$str$ptr + 2619608\\n15  chromedriver                        0x000000010547c9e8 cxxbridge1$str$ptr + 2688860\\n16  libsystem_pthread.dylib             0x00000001967c5f94 _pthread_start + 136\\n17  libsystem_pthread.dylib             0x00000001967c0d34 thread_start + 8\\n', 'Dropdown 5 - Message: \\n', 'Dropdown 9 - Message: \\n', 'Dropdown 10 - Message: \\n']\nE       assert not ['Dropdown 1 - Message: element not interactable\\n  (Session info: chrome=138.0.7204.93)\\nStacktrace:\\n0   chromedriver                        0x0000000105484ea4 cxxbridge1$str$ptr + 2722840\\n1   chromedriver                        0x000000010547cdac cxxbridge1$str$ptr + 2689824\\n2   chromedriver                        0x0000000104fce260 cxxbridge1$string$len + 90252\\n3   chromedriver                        0x0000000105016568 cxxbridge1$string$len + 385940\\n4   chromedriver                        0x000000010500b358 cxxbridge1$string$len + 340356\\n5   chromedriver                        0x000000010500ade4 cxxbridge1$string$len + 338960\\n6   chromedriver                        0x0000000105056934 cxxbridge1$string$len + 649056\\n7   chromedriver                        0x0000000105009834 cxxbridge1$string$len + 333408\\n8   chromedriver                        0x0000000105447fc0 cxxbridge1$str$ptr + 2473268\\n9   chromedriver                        0x000000010544b22c cxxbridge1$str$ptr + 2486176\\n10  chromedriver                        0x0000000105429a08 cxxbridge1$str$ptr + 2348924\\n11  chromedriver                        0x000000010544bae8 cxxbridge1$str$ptr + 2488412\\n12  chromedriver                        0x000000010541aa98 cxxbridge1$str$ptr + 2287628\\n13  chromedriver                        0x000000010546b9d8 cxxbridge1$str$ptr + 2619212\\n14  chromedriver                        0x000000010546bb64 cxxbridge1$str$ptr + 2619608\\n15  chromedriver                        0x000000010547c9e8 cxxbridge1$str$ptr + 2688860\\n16  libsystem_pthread.dylib             0x00000001967c5f94 _pthread_start + 136\\n17  libsystem_pthread.dylib             0x00000001967c0d34 thread_start + 8\\n', 'Dropdown 5 - Message: \\n', 'Dropdown 9 - Message: \\n', 'Dropdown 10 - Message: \\n']\n\ntest_dashboard.py:102: AssertionError"}, "steps": [{"name": "Enter email and password and click Sign In.", "status": "passed", "parameters": [{"name": "username", "value": "'sumit@kgrp.in'"}, {"name": "password", "value": "'HRzyUJi0'"}], "start": 1752060887551, "stop": 1752060888314}], "attachments": [{"name": "test_custom_dropdowns_values_2025-07-09_17-06-14.png", "source": "8851002e-1974-439d-942d-91aa7d3665be-attachment.png", "type": "image/png"}, {"name": "stdout", "source": "69b00826-8109-4e99-8de7-0df786c6ab8f-attachment.txt", "type": "text/plain"}], "start": 1752060887550, "stop": 1752060974116, "uuid": "979cf60c-62ae-46cc-a81d-02cfb5f7d054", "historyId": "19a5fb1536538ca7311694ec3e79de6b", "testCaseId": "19a5fb1536538ca7311694ec3e79de6b", "fullName": "src.tests.test_dashboard.TestDashBoard#test_custom_dropdowns_values", "labels": [{"name": "tag", "value": "smoke"}, {"name": "parentSuite", "value": "src.tests"}, {"name": "suite", "value": "test_dashboard"}, {"name": "subSuite", "value": "TestDashBoard"}, {"name": "host", "value": "macs-MacBook-Pro.local"}, {"name": "thread", "value": "48303-MainThread"}, {"name": "framework", "value": "pytest"}, {"name": "language", "value": "cpython3"}, {"name": "package", "value": "src.tests.test_dashboard"}]}