{"name": "Verify transaction value changes when selecting options in all filter dropdowns", "status": "failed", "statusDetails": {"message": "AssertionError: The following dropdowns did NOT change the transaction value: ['Dropdown 9', 'Dropdown 10']\nassert not ['Dropdown 9', 'Dropdown 10']", "trace": "self = <tests.test_dashboard.TestDashBoard object at 0x10829ca00>\ndriver = <selenium.webdriver.chrome.webdriver.WebDriver (session=\"360933bd1dfc579cf18d6ea3be3fde0f\")>\nconfig = {'browser': 'chrome', 'client': 'YATRA', 'env': 'QA', 'execution': 'local', ...}\n\n    @allure.title(\"Verify transaction value changes when selecting options in all filter dropdowns\")\n    @pytest.mark.smoke\n    def test_custom_dropdowns_values(self, driver, config):\n        login_page = LoginPage(driver)\n        dashboard_page = login_page.login(config[\"username\"], config[\"password\"])\n        unchanged, errors = dashboard_page.validate_all_dropdowns_functionality()\n>       assert not unchanged, f\"The following dropdowns did NOT change the transaction value: {unchanged}\"\nE       AssertionError: The following dropdowns did NOT change the transaction value: ['Dropdown 9', 'Dropdown 10']\nE       assert not ['Dropdown 9', 'Dropdown 10']\n\ntest_dashboard.py:101: AssertionError"}, "steps": [{"name": "Enter email and password and click Sign In.", "status": "passed", "parameters": [{"name": "username", "value": "'sumit@kgrp.in'"}, {"name": "password", "value": "'HRzyUJi0'"}], "start": 1752121712269, "stop": 1752121712797}], "attachments": [{"name": "test_custom_dropdowns_values_2025-07-10_09-59-40.png", "source": "2b16a473-188a-46f2-84f9-24233d0bb404-attachment.png", "type": "image/png"}, {"name": "stdout", "source": "31242a55-d74d-4475-8b44-faf8dc5214a3-attachment.txt", "type": "text/plain"}], "start": 1752121712269, "stop": 1752121780626, "uuid": "581d856a-36f2-4a48-a643-b0807c5e8a54", "historyId": "19a5fb1536538ca7311694ec3e79de6b", "testCaseId": "19a5fb1536538ca7311694ec3e79de6b", "fullName": "src.tests.test_dashboard.TestDashBoard#test_custom_dropdowns_values", "labels": [{"name": "tag", "value": "smoke"}, {"name": "parentSuite", "value": "src.tests"}, {"name": "suite", "value": "test_dashboard"}, {"name": "subSuite", "value": "TestDashBoard"}, {"name": "host", "value": "macs-MacBook-Pro.local"}, {"name": "thread", "value": "50921-MainThread"}, {"name": "framework", "value": "pytest"}, {"name": "language", "value": "cpython3"}, {"name": "package", "value": "src.tests.test_dashboard"}]}