{"name": "Scroll down dashboard page till the end", "status": "broken", "statusDetails": {"message": "selenium.common.exceptions.NoSuchElementException: Message: no such element: Unable to locate element: {\"method\":\"css selector\",\"selector\":\"[id=\"dashboardFrame\"]\"}\n  (Session info: chrome=138.0.7204.101); For documentation on this error, please visit: https://www.selenium.dev/documentation/webdriver/troubleshooting/errors#no-such-element-exception\nStacktrace:\n0   chromedriver                        0x00000001031e4ea4 cxxbridge1$str$ptr + 2722840\n1   chromedriver                        0x00000001031dcdac cxxbridge1$str$ptr + 2689824\n2   chromedriver                        0x0000000102d2e3ec cxxbridge1$string$len + 90648\n3   chromedriver                        0x0000000102d75544 cxxbridge1$string$len + 381808\n4   chromedriver                        0x0000000102db6934 cxxbridge1$string$len + 649056\n5   chromedriver                        0x0000000102d69834 cxxbridge1$string$len + 333408\n6   chromedriver                        0x00000001031a7fc0 cxxbridge1$str$ptr + 2473268\n7   chromedriver                        0x00000001031ab22c cxxbridge1$str$ptr + 2486176\n8   chromedriver                        0x0000000103189a08 cxxbridge1$str$ptr + 2348924\n9   chromedriver                        0x00000001031abae8 cxxbridge1$str$ptr + 2488412\n10  chromedriver                        0x000000010317aa98 cxxbridge1$str$ptr + 2287628\n11  chromedriver                        0x00000001031cb9d8 cxxbridge1$str$ptr + 2619212\n12  chromedriver                        0x00000001031cbb64 cxxbridge1$str$ptr + 2619608\n13  chromedriver                        0x00000001031dc9e8 cxxbridge1$str$ptr + 2688860\n14  libsystem_pthread.dylib             0x00000001967c5f94 _pthread_start + 136\n15  libsystem_pthread.dylib             0x00000001967c0d34 thread_start + 8", "trace": "self = <tests.test_dashboard.TestDashBoard object at 0x10302cb80>\ndriver = <selenium.webdriver.chrome.webdriver.WebDriver (session=\"8fd0139709e4e4f3289c3e44d16d1bb2\")>\nconfig = {'browser': 'chrome', 'client': 'YATRA', 'env': 'QA', 'execution': 'local', ...}\n\n    @allure.title(\"Scroll down dashboard page till the end\")\n    @pytest.mark.smoke\n    def test_scroll_to_bottom_of_dashboard(self, driver, config):\n    \n        login_page = LoginPage(driver)\n        dashboard_page = login_page.login(config[\"username\"], config[\"password\"])\n        dashboard_page.find_vertical_scrollable_elements()\n>       dashboard_page.validate_all_dropdowns_functionality()\n\ntest_dashboard.py:111: \n_ _ _ _ _ _ _ _ _ _ _ _ _ _ _ _ _ _ _ _ _ _ _ _ _ _ _ _ _ _ _ _ _ _ _ _ _ _ _ _ \n../pages/dashboard_page.py:181: in validate_all_dropdowns_functionality\n    self.switch_to_dashboard_iframe()\n../pages/dashboard_page.py:62: in switch_to_dashboard_iframe\n    iframe = self.driver.find_element(*self.IFRAME_LOCATOR)\n../../.venv/lib/python3.9/site-packages/selenium/webdriver/remote/webdriver.py:917: in find_element\n    return self.execute(Command.FIND_ELEMENT, {\"using\": by, \"value\": value})[\"value\"]\n../../.venv/lib/python3.9/site-packages/selenium/webdriver/remote/webdriver.py:448: in execute\n    self.error_handler.check_response(response)\n_ _ _ _ _ _ _ _ _ _ _ _ _ _ _ _ _ _ _ _ _ _ _ _ _ _ _ _ _ _ _ _ _ _ _ _ _ _ _ _ \n\nself = <selenium.webdriver.remote.errorhandler.ErrorHandler object at 0x10302cb20>\nresponse = {'status': 404, 'value': '{\"value\":{\"error\":\"no such element\",\"message\":\"no such element: Unable to locate element: {\\...0001967c5f94 _pthread_start + 136\\\\n15  libsystem_pthread.dylib             0x00000001967c0d34 thread_start + 8\\\\n\"}}'}\n\n    def check_response(self, response: Dict[str, Any]) -> None:\n        \"\"\"Checks that a JSON response from the WebDriver does not have an\n        error.\n    \n        :Args:\n         - response - The JSON response from the WebDriver server as a dictionary\n           object.\n    \n        :Raises: If the response contains an error message.\n        \"\"\"\n        status = response.get(\"status\", None)\n        if not status or status == ErrorCode.SUCCESS:\n            return\n        value = None\n        message = response.get(\"message\", \"\")\n        screen: str = response.get(\"screen\", \"\")\n        stacktrace = None\n        if isinstance(status, int):\n            value_json = response.get(\"value\", None)\n            if value_json and isinstance(value_json, str):\n                import json\n    \n                try:\n                    value = json.loads(value_json)\n                    if len(value) == 1:\n                        value = value[\"value\"]\n                    status = value.get(\"error\", None)\n                    if not status:\n                        status = value.get(\"status\", ErrorCode.UNKNOWN_ERROR)\n                        message = value.get(\"value\") or value.get(\"message\")\n                        if not isinstance(message, str):\n                            value = message\n                            message = message.get(\"message\")\n                    else:\n                        message = value.get(\"message\", None)\n                except ValueError:\n                    pass\n    \n        exception_class: Type[WebDriverException]\n        e = ErrorCode()\n        error_codes = [item for item in dir(e) if not item.startswith(\"__\")]\n        for error_code in error_codes:\n            error_info = getattr(ErrorCode, error_code)\n            if isinstance(error_info, list) and status in error_info:\n                exception_class = getattr(ExceptionMapping, error_code, WebDriverException)\n                break\n        else:\n            exception_class = WebDriverException\n    \n        if not value:\n            value = response[\"value\"]\n        if isinstance(value, str):\n            raise exception_class(value)\n        if message == \"\" and \"message\" in value:\n            message = value[\"message\"]\n    \n        screen = None  # type: ignore[assignment]\n        if \"screen\" in value:\n            screen = value[\"screen\"]\n    \n        stacktrace = None\n        st_value = value.get(\"stackTrace\") or value.get(\"stacktrace\")\n        if st_value:\n            if isinstance(st_value, str):\n                stacktrace = st_value.split(\"\\n\")\n            else:\n                stacktrace = []\n                try:\n                    for frame in st_value:\n                        line = frame.get(\"lineNumber\", \"\")\n                        file = frame.get(\"fileName\", \"<anonymous>\")\n                        if line:\n                            file = f\"{file}:{line}\"\n                        meth = frame.get(\"methodName\", \"<anonymous>\")\n                        if \"className\" in frame:\n                            meth = f\"{frame['className']}.{meth}\"\n                        msg = \"    at %s (%s)\"\n                        msg = msg % (meth, file)\n                        stacktrace.append(msg)\n                except TypeError:\n                    pass\n        if exception_class == UnexpectedAlertPresentException:\n            alert_text = None\n            if \"data\" in value:\n                alert_text = value[\"data\"].get(\"text\")\n            elif \"alert\" in value:\n                alert_text = value[\"alert\"].get(\"text\")\n            raise exception_class(message, screen, stacktrace, alert_text)  # type: ignore[call-arg]  # mypy is not smart enough here\n>       raise exception_class(message, screen, stacktrace)\nE       selenium.common.exceptions.NoSuchElementException: Message: no such element: Unable to locate element: {\"method\":\"css selector\",\"selector\":\"[id=\"dashboardFrame\"]\"}\nE         (Session info: chrome=138.0.7204.101); For documentation on this error, please visit: https://www.selenium.dev/documentation/webdriver/troubleshooting/errors#no-such-element-exception\nE       Stacktrace:\nE       0   chromedriver                        0x00000001031e4ea4 cxxbridge1$str$ptr + 2722840\nE       1   chromedriver                        0x00000001031dcdac cxxbridge1$str$ptr + 2689824\nE       2   chromedriver                        0x0000000102d2e3ec cxxbridge1$string$len + 90648\nE       3   chromedriver                        0x0000000102d75544 cxxbridge1$string$len + 381808\nE       4   chromedriver                        0x0000000102db6934 cxxbridge1$string$len + 649056\nE       5   chromedriver                        0x0000000102d69834 cxxbridge1$string$len + 333408\nE       6   chromedriver                        0x00000001031a7fc0 cxxbridge1$str$ptr + 2473268\nE       7   chromedriver                        0x00000001031ab22c cxxbridge1$str$ptr + 2486176\nE       8   chromedriver                        0x0000000103189a08 cxxbridge1$str$ptr + 2348924\nE       9   chromedriver                        0x00000001031abae8 cxxbridge1$str$ptr + 2488412\nE       10  chromedriver                        0x000000010317aa98 cxxbridge1$str$ptr + 2287628\nE       11  chromedriver                        0x00000001031cb9d8 cxxbridge1$str$ptr + 2619212\nE       12  chromedriver                        0x00000001031cbb64 cxxbridge1$str$ptr + 2619608\nE       13  chromedriver                        0x00000001031dc9e8 cxxbridge1$str$ptr + 2688860\nE       14  libsystem_pthread.dylib             0x00000001967c5f94 _pthread_start + 136\nE       15  libsystem_pthread.dylib             0x00000001967c0d34 thread_start + 8\n\n../../.venv/lib/python3.9/site-packages/selenium/webdriver/remote/errorhandler.py:232: NoSuchElementException"}, "steps": [{"name": "Enter email and password and click Sign In.", "status": "passed", "parameters": [{"name": "username", "value": "'sumit@kgrp.in'"}, {"name": "password", "value": "'HRzyUJi0'"}], "start": 1752228561005, "stop": 1752228567331}], "attachments": [{"name": "test_scroll_to_bottom_of_dashboard_2025-07-11_15-39-59.png", "source": "7c873936-7c76-4e72-91c5-ca51f7daf3ad-attachment.png", "type": "image/png"}, {"name": "stdout", "source": "e7311149-0589-46df-b1eb-248b773bcf94-attachment.txt", "type": "text/plain"}], "start": 1752228561003, "stop": 1752228599215, "uuid": "4eb9fb28-4503-41b9-a286-8879b32e62dd", "historyId": "9b81d0e057fd07827c2c18fce54c41b1", "testCaseId": "9b81d0e057fd07827c2c18fce54c41b1", "fullName": "src.tests.test_dashboard.TestDashBoard#test_scroll_to_bottom_of_dashboard", "labels": [{"name": "tag", "value": "smoke"}, {"name": "parentSuite", "value": "src.tests"}, {"name": "suite", "value": "test_dashboard"}, {"name": "subSuite", "value": "TestDashBoard"}, {"name": "host", "value": "macs-MacBook-Pro.local"}, {"name": "thread", "value": "67215-MainThread"}, {"name": "framework", "value": "pytest"}, {"name": "language", "value": "cpython3"}, {"name": "package", "value": "src.tests.test_dashboard"}]}