{"name": "Click each top module and verify it loads correct view title", "status": "failed", "statusDetails": {"message": "AssertionError: View title not found after clicking 'Dashboard - Airline'\nassert None is not None", "trace": "self = <tests.test_dashboard.TestDashBoard object at 0x11142f3a0>\ndriver = <selenium.webdriver.chrome.webdriver.WebDriver (session=\"8d575fdc685003d4c8b8538323e6fadf\")>\nconfig = {'browser': 'chrome', 'client': 'YATRA', 'env': 'QA', 'execution': 'local', ...}\n\n    @allure.title(\"Click each top module and verify it loads correct view title\")\n    @pytest.mark.regression\n    def test_top_module_titles(self, driver, config):\n        expected_modules = config.get(\"expected_top_modules\", [])\n        login_page = LoginPage(driver)\n        dashboard_page = login_page.login(config[\"username\"], config[\"password\"])\n        for module in expected_modules:\n            dashboard_page.click_top_module(module)\n            actual_title = dashboard_page.get_module_title_text()\n>           assert actual_title is not None, f\"View title not found after clicking '{module}'\"\nE           AssertionError: View title not found after clicking 'Dashboard - Airline'\nE           assert None is not None\n\ntest_dashboard.py:81: AssertionError"}, "steps": [{"name": "Enter email and password and click Sign In.", "status": "passed", "parameters": [{"name": "username", "value": "'sumit@kgrp.in'"}, {"name": "password", "value": "'HRzyUJi0'"}], "start": 1751456760336, "stop": 1751456761394}], "attachments": [{"name": "test_top_module_titles_2025-07-02_17-16-19.png", "source": "1372a7eb-5fd6-4c63-88fc-56548071d8fb-attachment.png", "type": "image/png"}, {"name": "log", "source": "56831d1a-d09b-4733-93de-aa8395264ce9-attachment.txt", "type": "text/plain"}, {"name": "stdout", "source": "8744ce89-9813-41cf-9a08-c489c972586d-attachment.txt", "type": "text/plain"}], "start": 1751456760335, "stop": 1751456778975, "uuid": "4c1af309-6e5b-4212-9bff-a93e6e40a504", "historyId": "0ad3ee38f7dfb489c17d1a62bbf5f19e", "testCaseId": "0ad3ee38f7dfb489c17d1a62bbf5f19e", "fullName": "src.tests.test_dashboard.TestDashBoard#test_top_module_titles", "labels": [{"name": "tag", "value": "regression"}, {"name": "parentSuite", "value": "src.tests"}, {"name": "suite", "value": "test_dashboard"}, {"name": "subSuite", "value": "TestDashBoard"}, {"name": "host", "value": "macs-MacBook-Pro.local"}, {"name": "thread", "value": "82658-MainThread"}, {"name": "framework", "value": "pytest"}, {"name": "language", "value": "cpython3"}, {"name": "package", "value": "src.tests.test_dashboard"}]}