{"name": "Verify transaction value changes when selecting options in all filter dropdowns", "status": "failed", "statusDetails": {"message": "AssertionError: The following dropdowns did NOT change the transaction value: ['Dropdown 9']\nassert not ['Dropdown 9']", "trace": "self = <tests.test_dashboard.TestDashBoard object at 0x1062fb970>\ndriver = <selenium.webdriver.chrome.webdriver.WebDriver (session=\"66e80fe306ff9e9e4206dc16b98485c5\")>\nconfig = {'browser': 'chrome', 'client': 'YATRA', 'env': 'QA', 'execution': 'local', ...}\n\n    @allure.title(\"Verify transaction value changes when selecting options in all filter dropdowns\")\n    @pytest.mark.smoke\n    def test_custom_dropdowns_values(self, driver, config):\n        login_page = LoginPage(driver)\n        dashboard_page = login_page.login(config[\"username\"], config[\"password\"])\n        unchanged, errors = dashboard_page.validate_all_dropdowns_functionality()\n>       assert not unchanged, f\"The following dropdowns did NOT change the transaction value: {unchanged}\"\nE       AssertionError: The following dropdowns did NOT change the transaction value: ['Dropdown 9']\nE       assert not ['Dropdown 9']\n\ntest_dashboard.py:101: AssertionError"}, "steps": [{"name": "Enter email and password and click Sign In.", "status": "passed", "parameters": [{"name": "username", "value": "'sumit@kgrp.in'"}, {"name": "password", "value": "'HRzyUJi0'"}], "start": 1752062860514, "stop": 1752062861184}], "attachments": [{"name": "test_custom_dropdowns_values_2025-07-09_17-38-46.png", "source": "09f14841-29ec-4fed-a7f3-554ab0e3dced-attachment.png", "type": "image/png"}, {"name": "stdout", "source": "6b82cb12-f16b-47b8-b5d5-5814496383dc-attachment.txt", "type": "text/plain"}], "start": 1752062860513, "stop": 1752062926087, "uuid": "f508606c-1aa4-4d14-8531-a412b38d74b6", "historyId": "19a5fb1536538ca7311694ec3e79de6b", "testCaseId": "19a5fb1536538ca7311694ec3e79de6b", "fullName": "src.tests.test_dashboard.TestDashBoard#test_custom_dropdowns_values", "labels": [{"name": "tag", "value": "smoke"}, {"name": "parentSuite", "value": "src.tests"}, {"name": "suite", "value": "test_dashboard"}, {"name": "subSuite", "value": "TestDashBoard"}, {"name": "host", "value": "macs-MacBook-Pro.local"}, {"name": "thread", "value": "49226-MainThread"}, {"name": "framework", "value": "pytest"}, {"name": "language", "value": "cpython3"}, {"name": "package", "value": "src.tests.test_dashboard"}]}