{"name": "Login with invalid credentials", "status": "broken", "statusDetails": {"message": "selenium.common.exceptions.TimeoutException: Message: \nStacktrace:\n0   chromedriver                        0x0000000102d6e654 cxxbridge1$str$ptr + 2723108\n1   chromedriver                        0x0000000102d668c8 cxxbridge1$str$ptr + 2690968\n2   chromedriver                        0x00000001028ba714 cxxbridge1$string$len + 90428\n3   chromedriver                        0x00000001029017c0 cxxbridge1$string$len + 381416\n4   chromedriver                        0x0000000102942de8 cxxbridge1$string$len + 649232\n5   chromedriver                        0x00000001028f59c8 cxxbridge1$string$len + 332784\n6   chromedriver                        0x0000000102d32278 cxxbridge1$str$ptr + 2476360\n7   chromedriver                        0x0000000102d3550c cxxbridge1$str$ptr + 2489308\n8   chromedriver                        0x0000000102d13a64 cxxbridge1$str$ptr + 2351412\n9   chromedriver                        0x0000000102d35d94 cxxbridge1$str$ptr + 2491492\n10  chromedriver                        0x0000000102d04d58 cxxbridge1$str$ptr + 2290728\n11  chromedriver                        0x0000000102d55d60 cxxbridge1$str$ptr + 2622512\n12  chromedriver                        0x0000000102d55eec cxxbridge1$str$ptr + 2622908\n13  chromedriver                        0x0000000102d66514 cxxbridge1$str$ptr + 2690020\n14  libsystem_pthread.dylib             0x000000018ec0df94 _pthread_start + 136\n15  libsystem_pthread.dylib             0x000000018ec08d34 thread_start + 8", "trace": "self = <tests.test_dashboard.TestDashBoard object at 0x102cc6280>\ndriver = <selenium.webdriver.chrome.webdriver.WebDriver (session=\"de69c1c0c50a55f98b2810e9ab256761\")>\nconfig = {'browser': 'chrome', 'client': 'YATRA', 'env': 'QA', 'execution': 'local', ...}\n\n    @allure.title(\"Login with invalid credentials\")\n    @pytest.mark.smoke\n    def test_switch_workspace(self,driver,config):\n         print(\"Switching workspace\")\n         login_page = LoginPage(driver)\n         dashboard_page=login_page.login(config[\"username\"], config[\"password\"])\n>        workspace_name=dashboard_page.switch_workspace(config[\"workspace\"])\n\ntest_dashboard.py:18: \n_ _ _ _ _ _ _ _ _ _ _ _ _ _ _ _ _ _ _ _ _ _ _ _ _ _ _ _ _ _ _ _ _ _ _ _ _ _ _ _ \n../pages/dashboard_page.py:20: in switch_workspace\n    self.click(self.SWITCH_WORKSPACE_LOGO)\n../utils/browser_utility.py:13: in click\n    self.wait.until(EC.element_to_be_clickable(locator)).click()\n_ _ _ _ _ _ _ _ _ _ _ _ _ _ _ _ _ _ _ _ _ _ _ _ _ _ _ _ _ _ _ _ _ _ _ _ _ _ _ _ \n\nself = <selenium.webdriver.support.wait.WebDriverWait (session=\"de69c1c0c50a55f98b2810e9ab256761\")>\nmethod = <function element_to_be_clickable.<locals>._predicate at 0x102d23ee0>\nmessage = ''\n\n    def until(self, method: Callable[[D], Union[Literal[False], T]], message: str = \"\") -> T:\n        \"\"\"Wait until the method returns a value that is not False.\n    \n        Calls the method provided with the driver as an argument until the\n        return value does not evaluate to ``False``.\n    \n        Parameters:\n        -----------\n        method: callable(WebDriver)\n            - A callable object that takes a WebDriver instance as an argument.\n    \n        message: str\n            - Optional message for :exc:`TimeoutException`\n    \n        Return:\n        -------\n        object: T\n            - The result of the last call to `method`\n    \n        Raises:\n        -------\n        TimeoutException\n            - If 'method' does not return a truthy value within the WebDriverWait\n            object's timeout\n    \n        Example:\n        --------\n        >>> from selenium.webdriver.common.by import By\n        >>> from selenium.webdriver.support.ui import WebDriverWait\n        >>> from selenium.webdriver.support import expected_conditions as EC\n    \n        # Wait until an element is visible on the page\n        >>> wait = WebDriverWait(driver, 10)\n        >>> element = wait.until(EC.visibility_of_element_located((By.ID, \"exampleId\")))\n        >>> print(element.text)\n        \"\"\"\n        screen = None\n        stacktrace = None\n    \n        end_time = time.monotonic() + self._timeout\n        while True:\n            try:\n                value = method(self._driver)\n                if value:\n                    return value\n            except self._ignored_exceptions as exc:\n                screen = getattr(exc, \"screen\", None)\n                stacktrace = getattr(exc, \"stacktrace\", None)\n            if time.monotonic() > end_time:\n                break\n            time.sleep(self._poll)\n>       raise TimeoutException(message, screen, stacktrace)\nE       selenium.common.exceptions.TimeoutException: Message: \nE       Stacktrace:\nE       0   chromedriver                        0x0000000102d6e654 cxxbridge1$str$ptr + 2723108\nE       1   chromedriver                        0x0000000102d668c8 cxxbridge1$str$ptr + 2690968\nE       2   chromedriver                        0x00000001028ba714 cxxbridge1$string$len + 90428\nE       3   chromedriver                        0x00000001029017c0 cxxbridge1$string$len + 381416\nE       4   chromedriver                        0x0000000102942de8 cxxbridge1$string$len + 649232\nE       5   chromedriver                        0x00000001028f59c8 cxxbridge1$string$len + 332784\nE       6   chromedriver                        0x0000000102d32278 cxxbridge1$str$ptr + 2476360\nE       7   chromedriver                        0x0000000102d3550c cxxbridge1$str$ptr + 2489308\nE       8   chromedriver                        0x0000000102d13a64 cxxbridge1$str$ptr + 2351412\nE       9   chromedriver                        0x0000000102d35d94 cxxbridge1$str$ptr + 2491492\nE       10  chromedriver                        0x0000000102d04d58 cxxbridge1$str$ptr + 2290728\nE       11  chromedriver                        0x0000000102d55d60 cxxbridge1$str$ptr + 2622512\nE       12  chromedriver                        0x0000000102d55eec cxxbridge1$str$ptr + 2622908\nE       13  chromedriver                        0x0000000102d66514 cxxbridge1$str$ptr + 2690020\nE       14  libsystem_pthread.dylib             0x000000018ec0df94 _pthread_start + 136\nE       15  libsystem_pthread.dylib             0x000000018ec08d34 thread_start + 8\n\n../../.venv/lib/python3.9/site-packages/selenium/webdriver/support/wait.py:146: TimeoutException"}, "steps": [{"name": "Enter email and password and click Sign In.", "status": "passed", "parameters": [{"name": "username", "value": "'sumit@kgrp.in'"}, {"name": "password", "value": "'HRzyUJi0'"}], "start": 1751262388348, "stop": 1751262388854}], "attachments": [{"name": "test_switch_workspace_2025-06-30_11-16-38.png", "source": "b446c5ba-a420-4d8e-be9e-84cf5f1c024c-attachment.png", "type": "image/png"}, {"name": "log", "source": "83924b2e-c872-406b-931b-e182abe06c5a-attachment.txt", "type": "text/plain"}, {"name": "stdout", "source": "b7071408-9c05-4e44-9080-673179734367-attachment.txt", "type": "text/plain"}], "start": 1751262388347, "stop": 1751262398881, "uuid": "e9f09741-c857-4936-b999-fdf28562de4c", "historyId": "f4805e0a5d1b4539db3dec27e8cccaee", "testCaseId": "f4805e0a5d1b4539db3dec27e8cccaee", "fullName": "src.tests.test_dashboard.TestDashBoard#test_switch_workspace", "labels": [{"name": "tag", "value": "smoke"}, {"name": "parentSuite", "value": "src.tests"}, {"name": "suite", "value": "test_dashboard"}, {"name": "subSuite", "value": "TestDashBoard"}, {"name": "host", "value": "macs-MacBook-Pro.local"}, {"name": "thread", "value": "55341-MainThread"}, {"name": "framework", "value": "pytest"}, {"name": "language", "value": "cpython3"}, {"name": "package", "value": "src.tests.test_dashboard"}]}