{"name": "Verify transaction value changes when selecting options in all filter dropdowns", "status": "failed", "statusDetails": {"message": "AssertionError: Not all dropdown selections resulted in transaction value changes\nassert False", "trace": "self = <tests.test_dashboard.TestDashBoard object at 0x103af3970>\ndriver = <selenium.webdriver.chrome.webdriver.WebDriver (session=\"116b4f1ba8053db04e674b773d4ed4ae\")>\nconfig = {'browser': 'chrome', 'client': 'YATRA', 'env': 'QA', 'execution': 'local', ...}\n\n    @allure.title(\"Verify transaction value changes when selecting options in all filter dropdowns\")\n    @pytest.mark.smoke\n    def test_transaction_value_change_for_dropdowns(self, driver, config):\n        login_page = LoginPage(driver)\n        dashboard_page = login_page.login(config[\"username\"], config[\"password\"])\n        result = dashboard_page.verify_transaction_value_change_for_dropdowns()\n>       assert result, \"Not all dropdown selections resulted in transaction value changes\"\nE       AssertionError: Not all dropdown selections resulted in transaction value changes\nE       assert False\n\ntest_dashboard.py:108: AssertionError"}, "steps": [{"name": "Enter email and password and click Sign In.", "status": "passed", "parameters": [{"name": "username", "value": "'sumit@kgrp.in'"}, {"name": "password", "value": "'HRzyUJi0'"}], "start": 1752058212719, "stop": 1752058213400}], "attachments": [{"name": "test_transaction_value_change_for_dropdowns_2025-07-09_16-22-17.png", "source": "b91cc442-1d5e-4c24-a2d2-f02a9267aef7-attachment.png", "type": "image/png"}, {"name": "stdout", "source": "f99a8422-a59e-45ba-9355-4412af60382e-attachment.txt", "type": "text/plain"}], "start": 1752058212718, "stop": 1752058337129, "uuid": "c7370c55-189f-415d-8a12-742c72e6cf7e", "historyId": "4ba428a63bf1ce0ddcd4299dd82670ba", "testCaseId": "4ba428a63bf1ce0ddcd4299dd82670ba", "fullName": "src.tests.test_dashboard.TestDashBoard#test_transaction_value_change_for_dropdowns", "labels": [{"name": "tag", "value": "smoke"}, {"name": "parentSuite", "value": "src.tests"}, {"name": "suite", "value": "test_dashboard"}, {"name": "subSuite", "value": "TestDashBoard"}, {"name": "host", "value": "macs-MacBook-Pro.local"}, {"name": "thread", "value": "46970-MainThread"}, {"name": "framework", "value": "pytest"}, {"name": "language", "value": "cpython3"}, {"name": "package", "value": "src.tests.test_dashboard"}]}