{"name": "verifying the flight table heading label name", "status": "broken", "statusDetails": {"message": "selenium.common.exceptions.StaleElementReferenceException: Message: stale element reference: stale element not found in the current frame\n  (Session info: chrome=138.0.7204.169); For documentation on this error, please visit: https://www.selenium.dev/documentation/webdriver/troubleshooting/errors#stale-element-reference-exception\nStacktrace:\n0   chromedriver                        0x0000000103328ea4 cxxbridge1$str$ptr + 2722840\n1   chromedriver                        0x0000000103320dac cxxbridge1$str$ptr + 2689824\n2   chromedriver                        0x0000000102e723ec cxxbridge1$string$len + 90648\n3   chromedriver                        0x0000000102e780a0 cxxbridge1$string$len + 114380\n4   chromedriver                        0x0000000102e7a3e4 cxxbridge1$string$len + 123408\n5   chromedriver                        0x0000000102e7a48c cxxbridge1$string$len + 123576\n6   chromedriver                        0x0000000102eb44d4 cxxbridge1$string$len + 361216\n7   chromedriver                        0x0000000102eaede4 cxxbridge1$string$len + 338960\n8   chromedriver                        0x0000000102efa934 cxxbridge1$string$len + 649056\n9   chromedriver                        0x0000000102ead834 cxxbridge1$string$len + 333408\n10  chromedriver                        0x00000001032ebfc0 cxxbridge1$str$ptr + 2473268\n11  chromedriver                        0x00000001032ef22c cxxbridge1$str$ptr + 2486176\n12  chromedriver                        0x00000001032cda08 cxxbridge1$str$ptr + 2348924\n13  chromedriver                        0x00000001032efae8 cxxbridge1$str$ptr + 2488412\n14  chromedriver                        0x00000001032bea98 cxxbridge1$str$ptr + 2287628\n15  chromedriver                        0x000000010330f9d8 cxxbridge1$str$ptr + 2619212\n16  chromedriver                        0x000000010330fb64 cxxbridge1$str$ptr + 2619608\n17  chromedriver                        0x00000001033209e8 cxxbridge1$str$ptr + 2688860\n18  libsystem_pthread.dylib             0x00000001967c5f94 _pthread_start + 136\n19  libsystem_pthread.dylib             0x00000001967c0d34 thread_start + 8", "trace": "self = <tests.test_04_flight.TestFlights object at 0x105250370>\ndriver = <selenium.webdriver.chrome.webdriver.WebDriver (session=\"3f129ee23a7cb91a8efc0f223c896c1a\")>\nconfig = {'browser': 'chrome', 'client': 'YATRA', 'env': 'QA', 'execution': 'local', ...}\n\n    @allure.title(\"verifying the flight table heading label name\")\n    @pytest.mark.smoke\n    def test_flight_table_headings_match_expected(self, driver, config):\n    \n        login_page = LoginPage(driver)\n        dashboard_page = login_page.login(config[\"username\"], config[\"password\"])\n        flight_page = dashboard_page.go_to_flight_page()\n>       flight_page.get_flight_ag_grid_table_headings()\n\ntest_04_flight.py:15: \n_ _ _ _ _ _ _ _ _ _ _ _ _ _ _ _ _ _ _ _ _ _ _ _ _ _ _ _ _ _ _ _ _ _ _ _ _ _ _ _ \n../pages/flight_page.py:29: in get_flight_ag_grid_table_headings\n    text = el.text.strip()\n../../.venv/lib/python3.9/site-packages/selenium/webdriver/remote/webelement.py:109: in text\n    return self._execute(Command.GET_ELEMENT_TEXT)[\"value\"]\n../../.venv/lib/python3.9/site-packages/selenium/webdriver/remote/webelement.py:572: in _execute\n    return self._parent.execute(command, params)\n../../.venv/lib/python3.9/site-packages/selenium/webdriver/remote/webdriver.py:448: in execute\n    self.error_handler.check_response(response)\n_ _ _ _ _ _ _ _ _ _ _ _ _ _ _ _ _ _ _ _ _ _ _ _ _ _ _ _ _ _ _ _ _ _ _ _ _ _ _ _ \n\nself = <selenium.webdriver.remote.errorhandler.ErrorHandler object at 0x105250e20>\nresponse = {'status': 404, 'value': '{\"value\":{\"error\":\"stale element reference\",\"message\":\"stale element reference: stale elemen...0001967c5f94 _pthread_start + 136\\\\n19  libsystem_pthread.dylib             0x00000001967c0d34 thread_start + 8\\\\n\"}}'}\n\n    def check_response(self, response: Dict[str, Any]) -> None:\n        \"\"\"Checks that a JSON response from the WebDriver does not have an\n        error.\n    \n        :Args:\n         - response - The JSON response from the WebDriver server as a dictionary\n           object.\n    \n        :Raises: If the response contains an error message.\n        \"\"\"\n        status = response.get(\"status\", None)\n        if not status or status == ErrorCode.SUCCESS:\n            return\n        value = None\n        message = response.get(\"message\", \"\")\n        screen: str = response.get(\"screen\", \"\")\n        stacktrace = None\n        if isinstance(status, int):\n            value_json = response.get(\"value\", None)\n            if value_json and isinstance(value_json, str):\n                import json\n    \n                try:\n                    value = json.loads(value_json)\n                    if len(value) == 1:\n                        value = value[\"value\"]\n                    status = value.get(\"error\", None)\n                    if not status:\n                        status = value.get(\"status\", ErrorCode.UNKNOWN_ERROR)\n                        message = value.get(\"value\") or value.get(\"message\")\n                        if not isinstance(message, str):\n                            value = message\n                            message = message.get(\"message\")\n                    else:\n                        message = value.get(\"message\", None)\n                except ValueError:\n                    pass\n    \n        exception_class: Type[WebDriverException]\n        e = ErrorCode()\n        error_codes = [item for item in dir(e) if not item.startswith(\"__\")]\n        for error_code in error_codes:\n            error_info = getattr(ErrorCode, error_code)\n            if isinstance(error_info, list) and status in error_info:\n                exception_class = getattr(ExceptionMapping, error_code, WebDriverException)\n                break\n        else:\n            exception_class = WebDriverException\n    \n        if not value:\n            value = response[\"value\"]\n        if isinstance(value, str):\n            raise exception_class(value)\n        if message == \"\" and \"message\" in value:\n            message = value[\"message\"]\n    \n        screen = None  # type: ignore[assignment]\n        if \"screen\" in value:\n            screen = value[\"screen\"]\n    \n        stacktrace = None\n        st_value = value.get(\"stackTrace\") or value.get(\"stacktrace\")\n        if st_value:\n            if isinstance(st_value, str):\n                stacktrace = st_value.split(\"\\n\")\n            else:\n                stacktrace = []\n                try:\n                    for frame in st_value:\n                        line = frame.get(\"lineNumber\", \"\")\n                        file = frame.get(\"fileName\", \"<anonymous>\")\n                        if line:\n                            file = f\"{file}:{line}\"\n                        meth = frame.get(\"methodName\", \"<anonymous>\")\n                        if \"className\" in frame:\n                            meth = f\"{frame['className']}.{meth}\"\n                        msg = \"    at %s (%s)\"\n                        msg = msg % (meth, file)\n                        stacktrace.append(msg)\n                except TypeError:\n                    pass\n        if exception_class == UnexpectedAlertPresentException:\n            alert_text = None\n            if \"data\" in value:\n                alert_text = value[\"data\"].get(\"text\")\n            elif \"alert\" in value:\n                alert_text = value[\"alert\"].get(\"text\")\n            raise exception_class(message, screen, stacktrace, alert_text)  # type: ignore[call-arg]  # mypy is not smart enough here\n>       raise exception_class(message, screen, stacktrace)\nE       selenium.common.exceptions.StaleElementReferenceException: Message: stale element reference: stale element not found in the current frame\nE         (Session info: chrome=138.0.7204.169); For documentation on this error, please visit: https://www.selenium.dev/documentation/webdriver/troubleshooting/errors#stale-element-reference-exception\nE       Stacktrace:\nE       0   chromedriver                        0x0000000103328ea4 cxxbridge1$str$ptr + 2722840\nE       1   chromedriver                        0x0000000103320dac cxxbridge1$str$ptr + 2689824\nE       2   chromedriver                        0x0000000102e723ec cxxbridge1$string$len + 90648\nE       3   chromedriver                        0x0000000102e780a0 cxxbridge1$string$len + 114380\nE       4   chromedriver                        0x0000000102e7a3e4 cxxbridge1$string$len + 123408\nE       5   chromedriver                        0x0000000102e7a48c cxxbridge1$string$len + 123576\nE       6   chromedriver                        0x0000000102eb44d4 cxxbridge1$string$len + 361216\nE       7   chromedriver                        0x0000000102eaede4 cxxbridge1$string$len + 338960\nE       8   chromedriver                        0x0000000102efa934 cxxbridge1$string$len + 649056\nE       9   chromedriver                        0x0000000102ead834 cxxbridge1$string$len + 333408\nE       10  chromedriver                        0x00000001032ebfc0 cxxbridge1$str$ptr + 2473268\nE       11  chromedriver                        0x00000001032ef22c cxxbridge1$str$ptr + 2486176\nE       12  chromedriver                        0x00000001032cda08 cxxbridge1$str$ptr + 2348924\nE       13  chromedriver                        0x00000001032efae8 cxxbridge1$str$ptr + 2488412\nE       14  chromedriver                        0x00000001032bea98 cxxbridge1$str$ptr + 2287628\nE       15  chromedriver                        0x000000010330f9d8 cxxbridge1$str$ptr + 2619212\nE       16  chromedriver                        0x000000010330fb64 cxxbridge1$str$ptr + 2619608\nE       17  chromedriver                        0x00000001033209e8 cxxbridge1$str$ptr + 2688860\nE       18  libsystem_pthread.dylib             0x00000001967c5f94 _pthread_start + 136\nE       19  libsystem_pthread.dylib             0x00000001967c0d34 thread_start + 8\n\n../../.venv/lib/python3.9/site-packages/selenium/webdriver/remote/errorhandler.py:232: StaleElementReferenceException"}, "steps": [{"name": "Enter email and password and click Sign In.", "status": "passed", "parameters": [{"name": "username", "value": "'sumit@kgrp.in'"}, {"name": "password", "value": "'HRzyUJi0'"}], "start": 1753706896422, "stop": 1753706912443}], "attachments": [{"name": "test_flight_table_headings_match_expected_2025-07-28_18-19-09.png", "source": "bab80263-62f6-49ab-a671-58ca6e24b8e7-attachment.png", "type": "image/png"}], "start": 1753706896421, "stop": 1753706948569, "uuid": "c7635442-7628-454e-9025-7e52125787b8", "historyId": "4ade68439094c746e0182e21ad8f809b", "testCaseId": "4ade68439094c746e0182e21ad8f809b", "fullName": "src.tests.test_04_flight.TestFlights#test_flight_table_headings_match_expected", "labels": [{"name": "tag", "value": "smoke"}, {"name": "tag", "value": "smoke"}, {"name": "parentSuite", "value": "src.tests"}, {"name": "suite", "value": "test_04_flight"}, {"name": "subSuite", "value": "TestFlights"}, {"name": "host", "value": "macs-MacBook-Pro.local"}, {"name": "thread", "value": "43013-MainThread"}, {"name": "framework", "value": "pytest"}, {"name": "language", "value": "cpython3"}, {"name": "package", "value": "src.tests.test_04_flight"}]}