{"name": "Click each top module and verify it loads correct view title", "status": "failed", "statusDetails": {"message": "AssertionError: View title not found for module: Dashboard - Airline\nassert None is not None", "trace": "self = <tests.test_dashboard.TestDashBoard object at 0x104b53c40>, driver = <selenium.webdriver.chrome.webdriver.WebDriver (session=\"71228b06a2fe0d14d7128ce5b39d75cb\")>\nconfig = {'browser': 'chrome', 'client': 'YATRA', 'env': 'QA', 'execution': 'local', ...}\n\n    @allure.title(\"Click each top module and verify it loads correct view title\")\n    @pytest.mark.regression\n    def test_top_module_titles(self, driver, config):\n        expected_modules = config.get(\"expected_top_modules\", [])\n        print(\"module name :\"+ str(expected_modules))\n        login_page = LoginPage(driver)\n        dashboard_page = login_page.login(config[\"username\"], config[\"password\"])\n        for module in expected_modules:\n            dashboard_page.click_top_module(module)\n            dashboard_page.switch_to_dashboard_iframe()\n            actual_title = dashboard_page.get_module_title_text()\n            dashboard_page.switch_to_default()  # optional\n>           assert actual_title is not None, f\"View title not found for module: {module}\"\nE           AssertionError: View title not found for module: Dashboard - Airline\nE           assert None is not None\n\nsrc/tests/test_dashboard.py:84: AssertionError"}, "steps": [{"name": "Enter email and password and click Sign In.", "status": "passed", "parameters": [{"name": "username", "value": "'sumit@kgrp.in'"}, {"name": "password", "value": "'HRzyUJi0'"}], "start": 1752235144962, "stop": 1752235150416}], "attachments": [{"name": "test_top_module_titles_2025-07-11_17-29-22.png", "source": "618a2d5e-7234-4dda-a1a7-37681991672f-attachment.png", "type": "image/png"}, {"name": "stdout", "source": "bc1a466d-a6f4-4598-bb62-ace4a84a08f4-attachment.txt", "type": "text/plain"}], "start": 1752235144962, "stop": 1752235162583, "uuid": "a4b00dcf-aa89-4078-95ca-def284d93fa5", "historyId": "0ad3ee38f7dfb489c17d1a62bbf5f19e", "testCaseId": "0ad3ee38f7dfb489c17d1a62bbf5f19e", "fullName": "src.tests.test_dashboard.TestDashBoard#test_top_module_titles", "labels": [{"name": "tag", "value": "regression"}, {"name": "parentSuite", "value": "src.tests"}, {"name": "suite", "value": "test_dashboard"}, {"name": "subSuite", "value": "TestDashBoard"}, {"name": "host", "value": "macs-MacBook-Pro.local"}, {"name": "thread", "value": "69575-MainThread"}, {"name": "framework", "value": "pytest"}, {"name": "language", "value": "cpython3"}, {"name": "package", "value": "src.tests.test_dashboard"}]}