{"name": "Login with valid credentials", "status": "failed", "statusDetails": {"message": "AssertionError: assert 'Dashboardpage' in 'Yatra - Finkraft'\n +  where 'Yatra - Finkraft' = <selenium.webdriver.chrome.webdriver.WebDriver (session=\"3c4eba642a2a56e434d68a913977e9bb\")>.title", "trace": "self = <tests.test_login.TestLogin object at 0x106878970>, driver = <selenium.webdriver.chrome.webdriver.WebDriver (session=\"3c4eba642a2a56e434d68a913977e9bb\")>\nconfig = {'browser': 'chrome', 'client': 'YATRA', 'env': 'QA', 'execution': 'local', ...}\n\n    @pytest.mark.smoke\n    @allure.title(\"Login with valid credentials\")\n    def test_login_valid_user(self, driver, config):\n        logger.info(\"Testing login with valid credentials\")\n        login_page = LoginPage(driver)\n        login_page.login(config[\"username\"], config[\"password\"])\n>       assert \"Dashboardpage\" in driver.title\nE       assert 'Dashboardpage' in 'Yatra - Finkraft'\nE        +  where 'Yatra - Finkraft' = <selenium.webdriver.chrome.webdriver.WebDriver (session=\"3c4eba642a2a56e434d68a913977e9bb\")>.title\n\nsrc/tests/test_login.py:19: AssertionError"}, "steps": [{"name": "Enter email and password and click Sign In.", "status": "passed", "parameters": [{"name": "username", "value": "'sumit@kgrp.in'"}, {"name": "password", "value": "'HRzyUJi0'"}], "start": 1750769590817, "stop": 1750769591348}], "attachments": [{"name": "test_login_valid_user_2025-06-24_18-23-11.png", "source": "186c9560-88b4-4e7e-8958-250710d27120-attachment.png", "type": "image/png"}, {"name": "stdout", "source": "f74f5ff7-de86-4c41-aec0-6e747d71af20-attachment.txt", "type": "text/plain"}], "start": 1750769590815, "stop": 1750769591357, "uuid": "ac816d49-ff10-4a36-90e8-206ac17fc3b6", "historyId": "fae89570fdefee5458b31056e5ebbca1", "testCaseId": "fae89570fdefee5458b31056e5ebbca1", "fullName": "src.tests.test_login.TestLogin#test_login_valid_user", "labels": [{"name": "tag", "value": "smoke"}, {"name": "parentSuite", "value": "src.tests"}, {"name": "suite", "value": "test_login"}, {"name": "subSuite", "value": "TestLogin"}, {"name": "host", "value": "macs-MacBook-Pro.local"}, {"name": "thread", "value": "98123-MainThread"}, {"name": "framework", "value": "pytest"}, {"name": "language", "value": "cpython3"}, {"name": "package", "value": "src.tests.test_login"}]}