{"name": "Login with valid credentials", "status": "failed", "statusDetails": {"message": "AssertionError: assert 'Dashboardpage' in 'Yatra - Finkraft'\n +  where 'Yatra - Finkraft' = <selenium.webdriver.chrome.webdriver.WebDriver (session=\"fe562115958db0e2a4837b8de6685c46\")>.title", "trace": "self = <tests.test_login.TestLogin object at 0x104381520>, driver = <selenium.webdriver.chrome.webdriver.WebDriver (session=\"fe562115958db0e2a4837b8de6685c46\")>\nconfig = {'browser': 'chrome', 'client': 'YATRA', 'env': 'QA', 'execution': 'local', ...}\n\n    @allure.title(\"Login with valid credentials\")\n    def test_login_valid_user(self, driver, config):\n        logger.info(\"Testing login with valid credentials\")\n        login_page = LoginPage(driver)\n        login_page.login(config[\"username\"], config[\"password\"])\n>       assert \"Dashboardpage\" in driver.title\nE       assert 'Dashboardpage' in 'Yatra - Finkraft'\nE        +  where 'Yatra - Finkraft' = <selenium.webdriver.chrome.webdriver.WebDriver (session=\"fe562115958db0e2a4837b8de6685c46\")>.title\n\nsrc/tests/test_login.py:16: AssertionError"}, "steps": [{"name": "Enter email and password", "status": "passed", "parameters": [{"name": "username", "value": "'sumit@kgrp.in'"}, {"name": "password", "value": "'HRzyUJi0'"}], "start": 1750330218391, "stop": 1750330218912}], "attachments": [{"name": "test_login_valid_user_2025-06-19_16-20-19.png", "source": "9b8054c4-9527-46c7-a996-6d801382953e-attachment.png", "type": "image/png"}, {"name": "log", "source": "2635c4f5-0127-4c53-b4b5-ec2bff145808-attachment.txt", "type": "text/plain"}, {"name": "stdout", "source": "52cafc26-80db-48ca-9cdf-506dc732da92-attachment.txt", "type": "text/plain"}], "start": 1750330218390, "stop": 1750330218934, "uuid": "63f7ddb4-f6a6-476d-9b73-9fbf64621607", "historyId": "fae89570fdefee5458b31056e5ebbca1", "testCaseId": "fae89570fdefee5458b31056e5ebbca1", "fullName": "src.tests.test_login.TestLogin#test_login_valid_user", "labels": [{"name": "parentSuite", "value": "src.tests"}, {"name": "suite", "value": "test_login"}, {"name": "subSuite", "value": "TestLogin"}, {"name": "host", "value": "macs-MacBook-Pro.local"}, {"name": "thread", "value": "68969-MainThread"}, {"name": "framework", "value": "pytest"}, {"name": "language", "value": "cpython3"}, {"name": "package", "value": "src.tests.test_login"}]}