{"name": "Login with valid credentials", "status": "failed", "statusDetails": {"message": "AssertionError: assert 'Dashboardpage' in 'Yatra - Finkraft'\n +  where 'Yatra - Finkraft' = <selenium.webdriver.chrome.webdriver.WebDriver (session=\"be26b3d49525b0dbd230a6bf7549de0b\")>.title", "trace": "self = <tests.test_login.TestLogin object at 0x104b6a670>, driver = <selenium.webdriver.chrome.webdriver.WebDriver (session=\"be26b3d49525b0dbd230a6bf7549de0b\")>\nconfig = {'browser': 'chrome', 'client': 'YATRA', 'env': 'QA', 'execution': 'local', ...}\n\n    @pytest.mark.smoke\n    @allure.title(\"Login with valid credentials\")\n    def test_login_valid_user(self, driver, config):\n        logger.info(\"Testing login with valid credentials\")\n        login_page = LoginPage(driver)\n        login_page.login(config[\"username\"], config[\"password\"])\n>       assert \"Dashboardpage\" in driver.title\nE       assert 'Dashboardpage' in 'Yatra - Finkraft'\nE        +  where 'Yatra - Finkraft' = <selenium.webdriver.chrome.webdriver.WebDriver (session=\"be26b3d49525b0dbd230a6bf7549de0b\")>.title\n\nsrc/tests/test_login.py:19: AssertionError"}, "steps": [{"name": "Enter email and password and click Sign In.", "status": "passed", "parameters": [{"name": "username", "value": "'sumit@kgrp.in'"}, {"name": "password", "value": "'HRzyUJi0'"}], "start": 1752235277433, "stop": 1752235283933}], "attachments": [{"name": "test_login_valid_user_2025-07-11_17-31-23.png", "source": "f3e21055-8609-492e-b3b6-56358a36a50a-attachment.png", "type": "image/png"}, {"name": "stdout", "source": "8560f5c2-ad80-4748-9c25-317403026832-attachment.txt", "type": "text/plain"}], "start": 1752235277431, "stop": 1752235283940, "uuid": "ef8730e4-8a2d-463d-913a-4366fb19d762", "historyId": "fae89570fdefee5458b31056e5ebbca1", "testCaseId": "fae89570fdefee5458b31056e5ebbca1", "fullName": "src.tests.test_login.TestLogin#test_login_valid_user", "labels": [{"name": "tag", "value": "smoke"}, {"name": "parentSuite", "value": "src.tests"}, {"name": "suite", "value": "test_login"}, {"name": "subSuite", "value": "TestLogin"}, {"name": "host", "value": "macs-MacBook-Pro.local"}, {"name": "thread", "value": "69575-MainThread"}, {"name": "framework", "value": "pytest"}, {"name": "language", "value": "cpython3"}, {"name": "package", "value": "src.tests.test_login"}]}