{"name": "test_switch_workspace", "status": "broken", "statusDetails": {"message": "selenium.common.exceptions.TimeoutException: Message: \nStacktrace:\n0   chromedriver                        0x0000000100d26654 cxxbridge1$str$ptr + 2723108\n1   chromedriver                        0x0000000100d1e8c8 cxxbridge1$str$ptr + 2690968\n2   chromedriver                        0x0000000100872714 cxxbridge1$string$len + 90428\n3   chromedriver                        0x00000001008b97c0 cxxbridge1$string$len + 381416\n4   chromedriver                        0x00000001008fade8 cxxbridge1$string$len + 649232\n5   chromedriver                        0x00000001008ad9c8 cxxbridge1$string$len + 332784\n6   chromedriver                        0x0000000100cea278 cxxbridge1$str$ptr + 2476360\n7   chromedriver                        0x0000000100ced50c cxxbridge1$str$ptr + 2489308\n8   chromedriver                        0x0000000100ccba64 cxxbridge1$str$ptr + 2351412\n9   chromedriver                        0x0000000100cedd94 cxxbridge1$str$ptr + 2491492\n10  chromedriver                        0x0000000100cbcd58 cxxbridge1$str$ptr + 2290728\n11  chromedriver                        0x0000000100d0dd60 cxxbridge1$str$ptr + 2622512\n12  chromedriver                        0x0000000100d0deec cxxbridge1$str$ptr + 2622908\n13  chromedriver                        0x0000000100d1e514 cxxbridge1$str$ptr + 2690020\n14  libsystem_pthread.dylib             0x000000018ec0df94 _pthread_start + 136\n15  libsystem_pthread.dylib             0x000000018ec08d34 thread_start + 8", "trace": "self = <tests.test_dashboard.TestDashBoard object at 0x1060162b0>, driver = <selenium.webdriver.chrome.webdriver.WebDriver (session=\"f094976715b107f32062a0157d7a2989\")>\nconfig = {'browser': 'chrome', 'client': 'YATRA', 'env': 'QA', 'execution': 'local', ...}\n\n    def test_switch_workspace(self,driver,config):\n        print(\"Switching workspace\")\n        login_page = LoginPage(driver)\n>       dashboard_page=login_page.login(config[\"username\"], config[\"password\"])\n\nsrc/tests/test_dashboard.py:10: \n_ _ _ _ _ _ _ _ _ _ _ _ _ _ _ _ _ _ _ _ _ _ _ _ _ _ _ _ _ _ _ _ _ _ _ _ _ _ _ _ _ _ _ _ _ _ _ _ _ _ _ _ _ _ _ _ _ _ _ _ _ _ _ _ _ _ _ _ _ _ _ _ _ _ _ _ _ _ _ _ _ _ _ _ _ _ _ _ \nsrc/pages/login_page.py:26: in login\n    self.enter_text(self.PASSWORD_TEXTBOX, password)\nsrc/utils/browser_utility.py:16: in enter_text\n    self.wait.until(EC.visibility_of_element_located(locator)).send_keys(text)\n_ _ _ _ _ _ _ _ _ _ _ _ _ _ _ _ _ _ _ _ _ _ _ _ _ _ _ _ _ _ _ _ _ _ _ _ _ _ _ _ _ _ _ _ _ _ _ _ _ _ _ _ _ _ _ _ _ _ _ _ _ _ _ _ _ _ _ _ _ _ _ _ _ _ _ _ _ _ _ _ _ _ _ _ _ _ _ _ \n\nself = <selenium.webdriver.support.wait.WebDriverWait (session=\"f094976715b107f32062a0157d7a2989\")>\nmethod = <function visibility_of_element_located.<locals>._predicate at 0x10609bf70>, message = ''\n\n    def until(self, method: Callable[[D], Union[Literal[False], T]], message: str = \"\") -> T:\n        \"\"\"Wait until the method returns a value that is not False.\n    \n        Calls the method provided with the driver as an argument until the\n        return value does not evaluate to ``False``.\n    \n        Parameters:\n        -----------\n        method: callable(WebDriver)\n            - A callable object that takes a WebDriver instance as an argument.\n    \n        message: str\n            - Optional message for :exc:`TimeoutException`\n    \n        Return:\n        -------\n        object: T\n            - The result of the last call to `method`\n    \n        Raises:\n        -------\n        TimeoutException\n            - If 'method' does not return a truthy value within the WebDriverWait\n            object's timeout\n    \n        Example:\n        --------\n        >>> from selenium.webdriver.common.by import By\n        >>> from selenium.webdriver.support.ui import WebDriverWait\n        >>> from selenium.webdriver.support import expected_conditions as EC\n    \n        # Wait until an element is visible on the page\n        >>> wait = WebDriverWait(driver, 10)\n        >>> element = wait.until(EC.visibility_of_element_located((By.ID, \"exampleId\")))\n        >>> print(element.text)\n        \"\"\"\n        screen = None\n        stacktrace = None\n    \n        end_time = time.monotonic() + self._timeout\n        while True:\n            try:\n                value = method(self._driver)\n                if value:\n                    return value\n            except self._ignored_exceptions as exc:\n                screen = getattr(exc, \"screen\", None)\n                stacktrace = getattr(exc, \"stacktrace\", None)\n            if time.monotonic() > end_time:\n                break\n            time.sleep(self._poll)\n>       raise TimeoutException(message, screen, stacktrace)\nE       selenium.common.exceptions.TimeoutException: Message: \nE       Stacktrace:\nE       0   chromedriver                        0x0000000100d26654 cxxbridge1$str$ptr + 2723108\nE       1   chromedriver                        0x0000000100d1e8c8 cxxbridge1$str$ptr + 2690968\nE       2   chromedriver                        0x0000000100872714 cxxbridge1$string$len + 90428\nE       3   chromedriver                        0x00000001008b97c0 cxxbridge1$string$len + 381416\nE       4   chromedriver                        0x00000001008fade8 cxxbridge1$string$len + 649232\nE       5   chromedriver                        0x00000001008ad9c8 cxxbridge1$string$len + 332784\nE       6   chromedriver                        0x0000000100cea278 cxxbridge1$str$ptr + 2476360\nE       7   chromedriver                        0x0000000100ced50c cxxbridge1$str$ptr + 2489308\nE       8   chromedriver                        0x0000000100ccba64 cxxbridge1$str$ptr + 2351412\nE       9   chromedriver                        0x0000000100cedd94 cxxbridge1$str$ptr + 2491492\nE       10  chromedriver                        0x0000000100cbcd58 cxxbridge1$str$ptr + 2290728\nE       11  chromedriver                        0x0000000100d0dd60 cxxbridge1$str$ptr + 2622512\nE       12  chromedriver                        0x0000000100d0deec cxxbridge1$str$ptr + 2622908\nE       13  chromedriver                        0x0000000100d1e514 cxxbridge1$str$ptr + 2690020\nE       14  libsystem_pthread.dylib             0x000000018ec0df94 _pthread_start + 136\nE       15  libsystem_pthread.dylib             0x000000018ec08d34 thread_start + 8\n\n.venv/lib/python3.9/site-packages/selenium/webdriver/support/wait.py:146: TimeoutException"}, "steps": [{"name": "Enter email and password", "status": "broken", "statusDetails": {"message": "selenium.common.exceptions.TimeoutException: Message: \nStacktrace:\n0   chromedriver                        0x0000000100d26654 cxxbridge1$str$ptr + 2723108\n1   chromedriver                        0x0000000100d1e8c8 cxxbridge1$str$ptr + 2690968\n2   chromedriver                        0x0000000100872714 cxxbridge1$string$len + 90428\n3   chromedriver                        0x00000001008b97c0 cxxbridge1$string$len + 381416\n4   chromedriver                        0x00000001008fade8 cxxbridge1$string$len + 649232\n5   chromedriver                        0x00000001008ad9c8 cxxbridge1$string$len + 332784\n6   chromedriver                        0x0000000100cea278 cxxbridge1$str$ptr + 2476360\n7   chromedriver                        0x0000000100ced50c cxxbridge1$str$ptr + 2489308\n8   chromedriver                        0x0000000100ccba64 cxxbridge1$str$ptr + 2351412\n9   chromedriver                        0x0000000100cedd94 cxxbridge1$str$ptr + 2491492\n10  chromedriver                        0x0000000100cbcd58 cxxbridge1$str$ptr + 2290728\n11  chromedriver                        0x0000000100d0dd60 cxxbridge1$str$ptr + 2622512\n12  chromedriver                        0x0000000100d0deec cxxbridge1$str$ptr + 2622908\n13  chromedriver                        0x0000000100d1e514 cxxbridge1$str$ptr + 2690020\n14  libsystem_pthread.dylib             0x000000018ec0df94 _pthread_start + 136\n15  libsystem_pthread.dylib             0x000000018ec08d34 thread_start + 8\n\n", "trace": "  File \"/Users/sumit/PycharmProjects/PartnerPortalUI/.venv/lib/python3.9/site-packages/allure_commons/_allure.py\", line 202, in impl\n    return func(*a, **kw)\n  File \"/Users/sumit/PycharmProjects/PartnerPortalUI/src/pages/login_page.py\", line 26, in login\n    self.enter_text(self.PASSWORD_TEXTBOX, password)\n  File \"/Users/sumit/PycharmProjects/PartnerPortalUI/src/utils/browser_utility.py\", line 16, in enter_text\n    self.wait.until(EC.visibility_of_element_located(locator)).send_keys(text)\n  File \"/Users/sumit/PycharmProjects/PartnerPortalUI/.venv/lib/python3.9/site-packages/selenium/webdriver/support/wait.py\", line 146, in until\n    raise TimeoutException(message, screen, stacktrace)\n"}, "parameters": [{"name": "username", "value": "'${QA_YATRA_USERNAME}'"}, {"name": "password", "value": "'${QA_YATRA_PASSWORD}'"}], "start": 1750421316517, "stop": 1750421327074}], "attachments": [{"name": "test_switch_workspace_2025-06-20_17-38-47.png", "source": "0aab6cb0-caea-4ff5-b7a3-f2d35cee308e-attachment.png", "type": "image/png"}, {"name": "stdout", "source": "71c94cda-ad7c-48ce-9b4e-6c5705af3835-attachment.txt", "type": "text/plain"}], "start": 1750421316516, "stop": 1750421327084, "uuid": "bbde8523-c723-476c-ac51-992f8ab4b4a0", "historyId": "f4805e0a5d1b4539db3dec27e8cccaee", "testCaseId": "f4805e0a5d1b4539db3dec27e8cccaee", "fullName": "src.tests.test_dashboard.TestDashBoard#test_switch_workspace", "labels": [{"name": "parentSuite", "value": "src.tests"}, {"name": "suite", "value": "test_dashboard"}, {"name": "subSuite", "value": "TestDashBoard"}, {"name": "host", "value": "macs-MacBook-Pro.local"}, {"name": "thread", "value": "78602-MainThread"}, {"name": "framework", "value": "pytest"}, {"name": "language", "value": "cpython3"}, {"name": "package", "value": "src.tests.test_dashboard"}]}