{"name": "Login with valid credentials", "status": "broken", "statusDetails": {"message": "selenium.common.exceptions.TimeoutException: Message: \nStacktrace:\nRemoteError@chrome://remote/content/shared/RemoteError.sys.mjs:8:8\nWebDriverError@chrome://remote/content/shared/webdriver/Errors.sys.mjs:199:5\nNoSuchElementError@chrome://remote/content/shared/webdriver/Errors.sys.mjs:552:5\ndom.find/</<@chrome://remote/content/shared/DOM.sys.mjs:136:16", "trace": "self = <tests.test_login.TestLogin object at 0x102dc5700>, driver = <selenium.webdriver.firefox.webdriver.WebDriver (session=\"1b6a38a2-1ce5-42c7-bbe4-4507d04138d8\")>\nconfig = {'browser': 'firefox', 'client': 'YATRA', 'env': 'QA', 'execution': 'local', ...}\n\n    @allure.title(\"Login with valid credentials\")\n    def test_login_valid_user(self, driver, config):\n        logger.info(\"Testing login with valid credentials\")\n        login_page = LoginPage(driver)\n>       login_page.login(config[\"username\"], config[\"password\"])\n\nsrc/tests/test_login.py:15: \n_ _ _ _ _ _ _ _ _ _ _ _ _ _ _ _ _ _ _ _ _ _ _ _ _ _ _ _ _ _ _ _ _ _ _ _ _ _ _ _ _ _ _ _ _ _ _ _ _ _ _ _ _ _ _ _ _ _ _ _ _ _ _ _ _ _ _ _ _ _ _ _ _ _ _ _ _ _ _ _ _ _ _ _ _ _ _ _ \nsrc/pages/login_page.py:24: in login\n    self.enter_text(self.EMAIL_TEXTBOX, username)\nsrc/utils/browser_utility.py:16: in enter_text\n    self.wait.until(EC.visibility_of_element_located(locator)).send_keys(text)\n_ _ _ _ _ _ _ _ _ _ _ _ _ _ _ _ _ _ _ _ _ _ _ _ _ _ _ _ _ _ _ _ _ _ _ _ _ _ _ _ _ _ _ _ _ _ _ _ _ _ _ _ _ _ _ _ _ _ _ _ _ _ _ _ _ _ _ _ _ _ _ _ _ _ _ _ _ _ _ _ _ _ _ _ _ _ _ _ \n\nself = <selenium.webdriver.support.wait.WebDriverWait (session=\"1b6a38a2-1ce5-42c7-bbe4-4507d04138d8\")>\nmethod = <function visibility_of_element_located.<locals>._predicate at 0x102e71d30>, message = ''\n\n    def until(self, method: Callable[[D], Union[Literal[False], T]], message: str = \"\") -> T:\n        \"\"\"Wait until the method returns a value that is not False.\n    \n        Calls the method provided with the driver as an argument until the\n        return value does not evaluate to ``False``.\n    \n        Parameters:\n        -----------\n        method: callable(WebDriver)\n            - A callable object that takes a WebDriver instance as an argument.\n    \n        message: str\n            - Optional message for :exc:`TimeoutException`\n    \n        Return:\n        -------\n        object: T\n            - The result of the last call to `method`\n    \n        Raises:\n        -------\n        TimeoutException\n            - If 'method' does not return a truthy value within the WebDriverWait\n            object's timeout\n    \n        Example:\n        --------\n        >>> from selenium.webdriver.common.by import By\n        >>> from selenium.webdriver.support.ui import WebDriverWait\n        >>> from selenium.webdriver.support import expected_conditions as EC\n    \n        # Wait until an element is visible on the page\n        >>> wait = WebDriverWait(driver, 10)\n        >>> element = wait.until(EC.visibility_of_element_located((By.ID, \"exampleId\")))\n        >>> print(element.text)\n        \"\"\"\n        screen = None\n        stacktrace = None\n    \n        end_time = time.monotonic() + self._timeout\n        while True:\n            try:\n                value = method(self._driver)\n                if value:\n                    return value\n            except self._ignored_exceptions as exc:\n                screen = getattr(exc, \"screen\", None)\n                stacktrace = getattr(exc, \"stacktrace\", None)\n            if time.monotonic() > end_time:\n                break\n            time.sleep(self._poll)\n>       raise TimeoutException(message, screen, stacktrace)\nE       selenium.common.exceptions.TimeoutException: Message: \nE       Stacktrace:\nE       RemoteError@chrome://remote/content/shared/RemoteError.sys.mjs:8:8\nE       WebDriverError@chrome://remote/content/shared/webdriver/Errors.sys.mjs:199:5\nE       NoSuchElementError@chrome://remote/content/shared/webdriver/Errors.sys.mjs:552:5\nE       dom.find/</<@chrome://remote/content/shared/DOM.sys.mjs:136:16\n\n.venv/lib/python3.9/site-packages/selenium/webdriver/support/wait.py:146: TimeoutException"}, "steps": [{"name": "Enter email and password", "status": "broken", "statusDetails": {"message": "selenium.common.exceptions.TimeoutException: Message: \nStacktrace:\nRemoteError@chrome://remote/content/shared/RemoteError.sys.mjs:8:8\nWebDriverError@chrome://remote/content/shared/webdriver/Errors.sys.mjs:199:5\nNoSuchElementError@chrome://remote/content/shared/webdriver/Errors.sys.mjs:552:5\ndom.find/</<@chrome://remote/content/shared/DOM.sys.mjs:136:16\n\n", "trace": "  File \"/Users/sumit/PycharmProjects/PartnerPortalUI/.venv/lib/python3.9/site-packages/allure_commons/_allure.py\", line 202, in impl\n    return func(*a, **kw)\n  File \"/Users/sumit/PycharmProjects/PartnerPortalUI/src/pages/login_page.py\", line 24, in login\n    self.enter_text(self.EMAIL_TEXTBOX, username)\n  File \"/Users/sumit/PycharmProjects/PartnerPortalUI/src/utils/browser_utility.py\", line 16, in enter_text\n    self.wait.until(EC.visibility_of_element_located(locator)).send_keys(text)\n  File \"/Users/sumit/PycharmProjects/PartnerPortalUI/.venv/lib/python3.9/site-packages/selenium/webdriver/support/wait.py\", line 146, in until\n    raise TimeoutException(message, screen, stacktrace)\n"}, "parameters": [{"name": "username", "value": "'sumit@kgrp.in'"}, {"name": "password", "value": "'HRzyUJi0'"}], "start": 1750326765398, "stop": 1750326775422}], "attachments": [{"name": "test_login_valid_user_2025-06-19_15-22-55.png", "source": "9b17df87-101f-435f-9a1a-35060451dc0c-attachment.png", "type": "image/png"}, {"name": "log", "source": "ecd9ba40-6b40-4f14-89e5-b60adbf95b19-attachment.txt", "type": "text/plain"}], "start": 1750326765398, "stop": 1750326775423, "uuid": "e569e4c6-1257-424a-a86e-08ed6d02e0df", "historyId": "fae89570fdefee5458b31056e5ebbca1", "testCaseId": "fae89570fdefee5458b31056e5ebbca1", "fullName": "src.tests.test_login.TestLogin#test_login_valid_user", "labels": [{"name": "parentSuite", "value": "src.tests"}, {"name": "suite", "value": "test_login"}, {"name": "subSuite", "value": "TestLogin"}, {"name": "host", "value": "macs-MacBook-Pro.local"}, {"name": "thread", "value": "68359-MainThread"}, {"name": "framework", "value": "pytest"}, {"name": "language", "value": "cpython3"}, {"name": "package", "value": "src.tests.test_login"}]}