{"name": "Login with valid credentials", "status": "failed", "statusDetails": {"message": "AssertionError: assert 'Dashboardpage' in 'Yatra - Finkraft'\n +  where 'Yatra - Finkraft' = <selenium.webdriver.chrome.webdriver.WebDriver (session=\"aeb4575d3cec3fcdd96e13754f5e8e51\")>.title", "trace": "self = <tests.test_login.TestLogin object at 0x107685580>, driver = <selenium.webdriver.chrome.webdriver.WebDriver (session=\"aeb4575d3cec3fcdd96e13754f5e8e51\")>\nconfig = {'browser': 'chrome', 'client': 'YATRA', 'env': 'QA', 'execution': 'local', ...}\n\n    @allure.title(\"Login with valid credentials\")\n    def test_login_valid_user(self, driver, config):\n        logger.info(\"Testing login with valid credentials\")\n        login_page = LoginPage(driver)\n        login_page.login(config[\"username\"], config[\"password\"])\n>       assert \"Dashboardpage\" in driver.title\nE       assert 'Dashboardpage' in 'Yatra - Finkraft'\nE        +  where 'Yatra - Finkraft' = <selenium.webdriver.chrome.webdriver.WebDriver (session=\"aeb4575d3cec3fcdd96e13754f5e8e51\")>.title\n\nsrc/tests/test_login.py:16: AssertionError"}, "steps": [{"name": "Enter email and password", "status": "passed", "parameters": [{"name": "username", "value": "'sumit@kgrp.in'"}, {"name": "password", "value": "'HRzyUJi0'"}], "start": 1750320991746, "stop": 1750320992233}], "attachments": [{"name": "test_login_valid_user_2025-06-19_13-46-32.png", "source": "562dd5b5-c7c0-4ccf-b3c9-5dc5b1b0159d-attachment.png", "type": "image/png"}, {"name": "log", "source": "e03e5e11-d746-4aed-bdbf-77d130f9eeb4-attachment.txt", "type": "text/plain"}, {"name": "stdout", "source": "67b448ea-1e6e-4d5a-b66d-3b715ca97434-attachment.txt", "type": "text/plain"}], "start": 1750320991745, "stop": 1750320992240, "uuid": "f1a2e758-0ad5-482b-912e-db23dc117469", "historyId": "fae89570fdefee5458b31056e5ebbca1", "testCaseId": "fae89570fdefee5458b31056e5ebbca1", "fullName": "src.tests.test_login.TestLogin#test_login_valid_user", "labels": [{"name": "parentSuite", "value": "src.tests"}, {"name": "suite", "value": "test_login"}, {"name": "subSuite", "value": "TestLogin"}, {"name": "host", "value": "macs-MacBook-Pro.local"}, {"name": "thread", "value": "67864-MainThread"}, {"name": "framework", "value": "pytest"}, {"name": "language", "value": "cpython3"}, {"name": "package", "value": "src.tests.test_login"}]}