{"name": "Login with valid credentials", "status": "failed", "statusDetails": {"message": "AssertionError: assert 'Dashboardpage' in 'Yatra - Finkraft'\n +  where 'Yatra - Finkraft' = <selenium.webdriver.chrome.webdriver.WebDriver (session=\"53f74622bbfa88a6bfa0d8b76f10f7ce\")>.title", "trace": "self = <tests.test_login.TestLogin object at 0x102ceecd0>, driver = <selenium.webdriver.chrome.webdriver.WebDriver (session=\"53f74622bbfa88a6bfa0d8b76f10f7ce\")>\nconfig = {'browser': 'chrome', 'client': 'YATRA', 'env': 'QA', 'execution': 'local', ...}\n\n    @pytest.mark.smoke\n    @allure.title(\"Login with valid credentials\")\n    def test_login_valid_user(self, driver, config):\n        logger.info(\"Testing login with valid credentials\")\n        login_page = LoginPage(driver)\n        login_page.login(config[\"username\"], config[\"password\"])\n>       assert \"Dashboardpage\" in driver.title\nE       assert 'Dashboardpage' in 'Yatra - Finkraft'\nE        +  where 'Yatra - Finkraft' = <selenium.webdriver.chrome.webdriver.WebDriver (session=\"53f74622bbfa88a6bfa0d8b76f10f7ce\")>.title\n\nsrc/tests/test_login.py:19: AssertionError"}, "steps": [{"name": "Enter email and password and click Sign In.", "status": "passed", "parameters": [{"name": "username", "value": "'sumit@kgrp.in'"}, {"name": "password", "value": "'HRzyUJi0'"}], "start": 1750680571798, "stop": 1750680572316}], "attachments": [{"name": "test_login_valid_user_2025-06-23_17-39-32.png", "source": "2514dfa6-680f-454e-b14c-6aad75c0a14c-attachment.png", "type": "image/png"}, {"name": "stdout", "source": "ca095d8a-4642-43d5-b88e-54ee49e2caca-attachment.txt", "type": "text/plain"}], "start": 1750680571796, "stop": 1750680572325, "uuid": "05ba21d1-2edc-4f04-97ce-9e5097569e12", "historyId": "fae89570fdefee5458b31056e5ebbca1", "testCaseId": "fae89570fdefee5458b31056e5ebbca1", "fullName": "src.tests.test_login.TestLogin#test_login_valid_user", "labels": [{"name": "tag", "value": "smoke"}, {"name": "parentSuite", "value": "src.tests"}, {"name": "suite", "value": "test_login"}, {"name": "subSuite", "value": "TestLogin"}, {"name": "host", "value": "macs-MacBook-Pro.local"}, {"name": "thread", "value": "89380-MainThread"}, {"name": "framework", "value": "pytest"}, {"name": "language", "value": "cpython3"}, {"name": "package", "value": "src.tests.test_login"}]}